#
# There is insufficient memory for the Java Runtime Environment to continue.
# Native memory allocation (malloc) failed to allocate 62576 bytes. Error detail: Chunk::new
# Possible reasons:
#   The system is out of physical RAM or swap space
#   This process is running with CompressedOops enabled, and the Java Heap may be blocking the growth of the native heap
# Possible solutions:
#   Reduce memory load on the system
#   Increase physical memory or swap space
#   Check if swap backing store is full
#   Decrease Java heap size (-Xmx/-Xms)
#   Decrease number of Java threads
#   Decrease Java thread stack sizes (-Xss)
#   Set larger code cache with -XX:ReservedCodeCacheSize=
#   JVM is running with Unscaled Compressed Oops mode in which the Java heap is
#     placed in the first 4GB address space. The Java Heap base address is the
#     maximum limit for the native heap growth. Please use -XX:HeapBaseMinAddress
#     to set the Java Heap base and to place the Java Heap above 4GB virtual address.
# This output file may be truncated or incomplete.
#
#  Out of Memory Error (arena.cpp:168), pid=23300, tid=15836
#
# JRE version: OpenJDK Runtime Environment Temurin-21.0.8+9 (21.0.8+9) (build 21.0.8+9-LTS)
# Java VM: OpenJDK 64-Bit Server VM Temurin-21.0.8+9 (21.0.8+9-LTS, mixed mode, sharing, tiered, compressed oops, compressed class ptrs, parallel gc, windows-amd64)
# No core dump will be written. Minidumps are not enabled by default on client versions of Windows
#

---------------  S U M M A R Y ------------

Command Line: --add-modules=ALL-SYSTEM --add-opens=java.base/java.util=ALL-UNNAMED --add-opens=java.base/java.lang=ALL-UNNAMED --add-opens=java.base/sun.nio.fs=ALL-UNNAMED -Declipse.application=org.eclipse.jdt.ls.core.id1 -Dosgi.bundles.defaultStartLevel=4 -Declipse.product=org.eclipse.jdt.ls.core.product -Djava.import.generatesMetadataFilesAtProjectRoot=false -DDetectVMInstallationsJob.disabled=true -Dfile.encoding=utf8 -XX:+UseParallelGC -XX:GCTimeRatio=4 -XX:AdaptiveSizePolicyWeight=90 -Dsun.zip.disableMemoryMapping=true -Xmx2G -Xms100m -Xlog:disable -javaagent:c:\Users\jocopernicus\.vscode\extensions\redhat.java-1.44.0-win32-x64\lombok\lombok-1.18.39-4050.jar c:\Users\jocopernicus\.vscode\extensions\redhat.java-1.44.0-win32-x64\server\plugins\org.eclipse.equinox.launcher_1.7.0.v20250519-0528.jar -configuration c:\Users\jocopernicus\AppData\Roaming\Code\User\globalStorage\redhat.java\1.44.0\config_ss_win -data c:\Users\jocopernicus\AppData\Roaming\Code\User\workspaceStorage\afa8120808d8d8979d47500c416289e5\redhat.java\ss_ws --pipe=\\.\pipe\lsp-7a190228ab86bd69ce981d54a46baf67-sock

Host: Intel(R) Core(TM) i7-6700HQ CPU @ 2.60GHz, 8 cores, 15G,  Windows 10 , 64 bit Build 19041 (10.0.19041.5915)
Time: Mon Aug 11 23:55:07 2025 W. Europe Daylight Time elapsed time: 1.228159 seconds (0d 0h 0m 1s)

---------------  T H R E A D  ---------------

Current thread (0x0000018efc1aec90):  JavaThread "C2 CompilerThread1" daemon [_thread_in_native, id=15836, stack(0x0000008a3cc00000,0x0000008a3cd00000) (1024K)]


Current CompileTask:
C2:1228 1278       4       java.io.DataInputStream::readUTF (501 bytes)

Stack: [0x0000008a3cc00000,0x0000008a3cd00000]
Native frames: (J=compiled Java code, j=interpreted, Vv=VM code, C=native code)
V  [jvm.dll+0x6d2449]
V  [jvm.dll+0x8ae341]
V  [jvm.dll+0x8b08be]
V  [jvm.dll+0x8b0fa3]
V  [jvm.dll+0x280c96]
V  [jvm.dll+0xc581d]
V  [jvm.dll+0xc5d53]
V  [jvm.dll+0x5da88a]
V  [jvm.dll+0x1e0ea1]
V  [jvm.dll+0x249022]
V  [jvm.dll+0x2484af]
V  [jvm.dll+0x1c89ee]
V  [jvm.dll+0x257d4d]
V  [jvm.dll+0x2562ea]
V  [jvm.dll+0x3f2d16]
V  [jvm.dll+0x857e6b]
V  [jvm.dll+0x6d0b0d]
C  [ucrtbase.dll+0x21bb2]
C  [KERNEL32.DLL+0x17374]
C  [ntdll.dll+0x4cc91]


---------------  P R O C E S S  ---------------

Threads class SMR info:
_java_thread_list=0x0000018efc2e7d30, length=12, elements={
0x0000018e9c689d70, 0x0000018e9e9bc010, 0x0000018e9e9bd940, 0x0000018e9e9c1590,
0x0000018e9e9c3020, 0x0000018e9e9c4d90, 0x0000018e9e9cc830, 0x0000018e9e9d2670,
0x0000018e9e9d3630, 0x0000018e9eab8ff0, 0x0000018efc1aec90, 0x0000018efc3087a0
}

Java Threads: ( => current thread )
  0x0000018e9c689d70 JavaThread "main"                              [_thread_in_vm, id=27112, stack(0x0000008a3bf00000,0x0000008a3c000000) (1024K)]
  0x0000018e9e9bc010 JavaThread "Reference Handler"          daemon [_thread_blocked, id=25664, stack(0x0000008a3c300000,0x0000008a3c400000) (1024K)]
  0x0000018e9e9bd940 JavaThread "Finalizer"                  daemon [_thread_blocked, id=30832, stack(0x0000008a3c400000,0x0000008a3c500000) (1024K)]
  0x0000018e9e9c1590 JavaThread "Signal Dispatcher"          daemon [_thread_blocked, id=21172, stack(0x0000008a3c500000,0x0000008a3c600000) (1024K)]
  0x0000018e9e9c3020 JavaThread "Attach Listener"            daemon [_thread_blocked, id=22828, stack(0x0000008a3c600000,0x0000008a3c700000) (1024K)]
  0x0000018e9e9c4d90 JavaThread "Service Thread"             daemon [_thread_blocked, id=29676, stack(0x0000008a3c700000,0x0000008a3c800000) (1024K)]
  0x0000018e9e9cc830 JavaThread "Monitor Deflation Thread"   daemon [_thread_blocked, id=868, stack(0x0000008a3c800000,0x0000008a3c900000) (1024K)]
  0x0000018e9e9d2670 JavaThread "C2 CompilerThread0"         daemon [_thread_in_native, id=23460, stack(0x0000008a3c900000,0x0000008a3ca00000) (1024K)]
  0x0000018e9e9d3630 JavaThread "C1 CompilerThread0"         daemon [_thread_blocked, id=23364, stack(0x0000008a3ca00000,0x0000008a3cb00000) (1024K)]
  0x0000018e9eab8ff0 JavaThread "Common-Cleaner"             daemon [_thread_blocked, id=28228, stack(0x0000008a3cb00000,0x0000008a3cc00000) (1024K)]
=>0x0000018efc1aec90 JavaThread "C2 CompilerThread1"         daemon [_thread_in_native, id=15836, stack(0x0000008a3cc00000,0x0000008a3cd00000) (1024K)]
  0x0000018efc3087a0 JavaThread "Notification Thread"        daemon [_thread_blocked, id=13008, stack(0x0000008a3cd00000,0x0000008a3ce00000) (1024K)]
Total: 12

Other Threads:
  0x0000018e9eb0e280 VMThread "VM Thread"                           [id=30944, stack(0x0000008a3c200000,0x0000008a3c300000) (1024K)]
  0x0000018e9eab70a0 WatcherThread "VM Periodic Task Thread"        [id=17980, stack(0x0000008a3c100000,0x0000008a3c200000) (1024K)]
  0x0000018e9ea684a0 WorkerThread "GC Thread#0"                     [id=28912, stack(0x0000008a3c000000,0x0000008a3c100000) (1024K)]
  0x0000018efc355440 WorkerThread "GC Thread#1"                     [id=25784, stack(0x0000008a3ce00000,0x0000008a3cf00000) (1024K)]
  0x0000018efc3557e0 WorkerThread "GC Thread#2"                     [id=22504, stack(0x0000008a3cf00000,0x0000008a3d000000) (1024K)]
  0x0000018efc7f69e0 WorkerThread "GC Thread#3"                     [id=23352, stack(0x0000008a3d000000,0x0000008a3d100000) (1024K)]
  0x0000018efc7f6d80 WorkerThread "GC Thread#4"                     [id=3016, stack(0x0000008a3d100000,0x0000008a3d200000) (1024K)]
  0x0000018efc371630 WorkerThread "GC Thread#5"                     [id=28056, stack(0x0000008a3d200000,0x0000008a3d300000) (1024K)]
  0x0000018efc3719d0 WorkerThread "GC Thread#6"                     [id=22120, stack(0x0000008a3d300000,0x0000008a3d400000) (1024K)]
Total: 9

Threads with active compile tasks:
C2 CompilerThread0  1279 1292   !   4       java.io.BufferedInputStream::read (69 bytes)
C2 CompilerThread1  1279 1278       4       java.io.DataInputStream::readUTF (501 bytes)
Total: 2

VM state: not at safepoint (normal execution)

VM Mutex/Monitor currently owned by a thread: None

Heap address: 0x0000000080000000, size: 2048 MB, Compressed Oops mode: 32-bit

CDS archive(s) mapped at: [0x0000018eb6000000-0x0000018eb6ba0000-0x0000018eb6ba0000), size 12189696, SharedBaseAddress: 0x0000018eb6000000, ArchiveRelocationMode: 1.
Compressed class space mapped at: 0x0000018eb7000000-0x0000018ef7000000, reserved size: 1073741824
Narrow klass base: 0x0000018eb6000000, Narrow klass shift: 0, Narrow klass range: 0x100000000

GC Precious Log:
 CardTable entry size: 512
 CPUs: 8 total, 8 available
 Memory: 16211M
 Large Page Support: Disabled
 NUMA Support: Disabled
 Compressed Oops: Enabled (32-bit)
 Alignments: Space 512K, Generation 512K, Heap 2M
 Heap Min Capacity: 100M
 Heap Initial Capacity: 100M
 Heap Max Capacity: 2G
 Pre-touch: Disabled
 Parallel Workers: 8

Heap:
 PSYoungGen      total 29696K, used 13666K [0x00000000d5580000, 0x00000000d7680000, 0x0000000100000000)
  eden space 25600K, 40% used [0x00000000d5580000,0x00000000d5f9cc70,0x00000000d6e80000)
  from space 4096K, 80% used [0x00000000d6e80000,0x00000000d71bbe68,0x00000000d7280000)
  to   space 4096K, 0% used [0x00000000d7280000,0x00000000d7280000,0x00000000d7680000)
 ParOldGen       total 68608K, used 16K [0x0000000080000000, 0x0000000084300000, 0x00000000d5580000)
  object space 68608K, 0% used [0x0000000080000000,0x0000000080004000,0x0000000084300000)
 Metaspace       used 6124K, committed 6400K, reserved 1114112K
  class space    used 630K, committed 768K, reserved 1048576K

Card table byte_map: [0x0000018e9e3f0000,0x0000018e9e800000] _byte_map_base: 0x0000018e9dff0000

Marking Bits: (ParMarkBitMap*) 0x00007ffa1e65a340
 Begin Bits: [0x0000018eb0ef0000, 0x0000018eb2ef0000)
 End Bits:   [0x0000018eb2ef0000, 0x0000018eb4ef0000)

Polling page: 0x0000018e9c8a0000

Metaspace:

Usage:
  Non-class:      5.37 MB used.
      Class:    630.15 KB used.
       Both:      5.98 MB used.

Virtual space:
  Non-class space:       64.00 MB reserved,       5.50 MB (  9%) committed,  1 nodes.
      Class space:        1.00 GB reserved,     768.00 KB ( <1%) committed,  1 nodes.
             Both:        1.06 GB reserved,       6.25 MB ( <1%) committed. 

Chunk freelists:
   Non-Class:  9.95 MB
       Class:  15.06 MB
        Both:  25.02 MB

MaxMetaspaceSize: unlimited
CompressedClassSpaceSize: 1.00 GB
Initial GC threshold: 21.00 MB
Current GC threshold: 21.00 MB
CDS: on
 - commit_granule_bytes: 65536.
 - commit_granule_words: 8192.
 - virtual_space_node_default_size: 8388608.
 - enlarge_chunks_in_place: 1.
 - use_allocation_guard: 0.


Internal statistics:

num_allocs_failed_limit: 0.
num_arena_births: 190.
num_arena_deaths: 0.
num_vsnodes_births: 2.
num_vsnodes_deaths: 0.
num_space_committed: 100.
num_space_uncommitted: 0.
num_chunks_returned_to_freelist: 0.
num_chunks_taken_from_freelist: 316.
num_chunk_merges: 0.
num_chunk_splits: 202.
num_chunks_enlarged: 131.
num_inconsistent_stats: 0.

CodeHeap 'non-profiled nmethods': size=120000Kb used=516Kb max_used=516Kb free=119483Kb
 bounds [0x0000018ea9710000, 0x0000018ea9980000, 0x0000018eb0c40000]
CodeHeap 'profiled nmethods': size=120000Kb used=2247Kb max_used=2247Kb free=117752Kb
 bounds [0x0000018ea1c40000, 0x0000018ea1eb0000, 0x0000018ea9170000]
CodeHeap 'non-nmethods': size=5760Kb used=1207Kb max_used=1235Kb free=4553Kb
 bounds [0x0000018ea9170000, 0x0000018ea93e0000, 0x0000018ea9710000]
CodeCache: size=245760Kb, used=3970Kb, max_used=3998Kb, free=241788Kb
 total_blobs=1804, nmethods=1333, adapters=378, full_count=0
Compilation: enabled, stopped_count=0, restarted_count=0

Compilation events (20 events):
Event: 1.206 Thread 0x0000018e9e9d3630 1307       3       java.util.Collections::emptyMap (4 bytes)
Event: 1.206 Thread 0x0000018e9e9d3630 nmethod 1307 0x0000018ea1e5c390 code [0x0000018ea1e5c520, 0x0000018ea1e5c618]
Event: 1.207 Thread 0x0000018e9e9d3630 1308       1       java.util.Collections$EmptyMap::size (2 bytes)
Event: 1.207 Thread 0x0000018e9e9d3630 nmethod 1308 0x0000018ea9789410 code [0x0000018ea97895a0, 0x0000018ea9789668]
Event: 1.207 Thread 0x0000018e9e9d3630 1309       3       org.eclipse.osgi.container.ModuleDatabase$Persistence::readGenericInfo (114 bytes)
Event: 1.209 Thread 0x0000018e9e9d3630 nmethod 1309 0x0000018ea1e5c690 code [0x0000018ea1e5ca00, 0x0000018ea1e5de50]
Event: 1.210 Thread 0x0000018e9e9d3630 1310       3       org.eclipse.osgi.container.ModuleRevisionBuilder::basicAddCapability (11 bytes)
Event: 1.210 Thread 0x0000018e9e9d3630 nmethod 1310 0x0000018ea1e5e610 code [0x0000018ea1e5e7c0, 0x0000018ea1e5e8f8]
Event: 1.210 Thread 0x0000018e9e9d3630 1311       3       java.util.LinkedHashMap::afterNodeAccess (266 bytes)
Event: 1.211 Thread 0x0000018e9e9d3630 nmethod 1311 0x0000018ea1e5e990 code [0x0000018ea1e5eb80, 0x0000018ea1e5f370]
Event: 1.211 Thread 0x0000018e9e9d3630 1312       3       sun.net.www.protocol.jar.Handler::parseURL (173 bytes)
Event: 1.212 Thread 0x0000018e9e9d3630 nmethod 1312 0x0000018ea1e5f510 code [0x0000018ea1e5f7c0, 0x0000018ea1e60180]
Event: 1.212 Thread 0x0000018e9e9d3630 1313       3       sun.net.www.protocol.jar.Handler::indexOfBangSlash (52 bytes)
Event: 1.213 Thread 0x0000018e9e9d3630 nmethod 1313 0x0000018ea1e60610 code [0x0000018ea1e60880, 0x0000018ea1e61328]
Event: 1.213 Thread 0x0000018e9e9d3630 1314       3       java.util.Base64$Decoder::decodeBlock (186 bytes)
Event: 1.213 Thread 0x0000018e9e9d3630 nmethod 1314 0x0000018ea1e61790 code [0x0000018ea1e61960, 0x0000018ea1e61dd0]
Event: 1.213 Thread 0x0000018e9e9d3630 1315       3       java.security.Provider$ServiceKey::equals (53 bytes)
Event: 1.214 Thread 0x0000018e9e9d3630 nmethod 1315 0x0000018ea1e62090 code [0x0000018ea1e62280, 0x0000018ea1e62710]
Event: 1.222 Thread 0x0000018e9e9d2670 nmethod 1291 0x0000018ea9789710 code [0x0000018ea97899e0, 0x0000018ea978b398]
Event: 1.222 Thread 0x0000018e9e9d2670 1298       4       java.lang.invoke.VarHandleGuards::guard_LI_I (78 bytes)

GC Heap History (2 events):
Event: 0.956 GC heap before
{Heap before GC invocations=1 (full 0):
 PSYoungGen      total 29696K, used 25600K [0x00000000d5580000, 0x00000000d7680000, 0x0000000100000000)
  eden space 25600K, 100% used [0x00000000d5580000,0x00000000d6e80000,0x00000000d6e80000)
  from space 4096K, 0% used [0x00000000d7280000,0x00000000d7280000,0x00000000d7680000)
  to   space 4096K, 0% used [0x00000000d6e80000,0x00000000d6e80000,0x00000000d7280000)
 ParOldGen       total 68608K, used 0K [0x0000000080000000, 0x0000000084300000, 0x00000000d5580000)
  object space 68608K, 0% used [0x0000000080000000,0x0000000080000000,0x0000000084300000)
 Metaspace       used 4291K, committed 4544K, reserved 1114112K
  class space    used 470K, committed 576K, reserved 1048576K
}
Event: 0.977 GC heap after
{Heap after GC invocations=1 (full 0):
 PSYoungGen      total 29696K, used 3311K [0x00000000d5580000, 0x00000000d7680000, 0x0000000100000000)
  eden space 25600K, 0% used [0x00000000d5580000,0x00000000d5580000,0x00000000d6e80000)
  from space 4096K, 80% used [0x00000000d6e80000,0x00000000d71bbe68,0x00000000d7280000)
  to   space 4096K, 0% used [0x00000000d7280000,0x00000000d7280000,0x00000000d7680000)
 ParOldGen       total 68608K, used 16K [0x0000000080000000, 0x0000000084300000, 0x00000000d5580000)
  object space 68608K, 0% used [0x0000000080000000,0x0000000080004000,0x0000000084300000)
 Metaspace       used 4291K, committed 4544K, reserved 1114112K
  class space    used 470K, committed 576K, reserved 1048576K
}

Dll operation events (8 events):
Event: 0.018 Loaded shared library c:\Users\jocopernicus\.vscode\extensions\redhat.java-1.44.0-win32-x64\jre\21.0.8-win32-x86_64\bin\java.dll
Event: 0.109 Loaded shared library c:\Users\jocopernicus\.vscode\extensions\redhat.java-1.44.0-win32-x64\jre\21.0.8-win32-x86_64\bin\zip.dll
Event: 0.137 Loaded shared library C:\Users\jocopernicus\.vscode\extensions\redhat.java-1.44.0-win32-x64\jre\21.0.8-win32-x86_64\bin\instrument.dll
Event: 0.145 Loaded shared library C:\Users\jocopernicus\.vscode\extensions\redhat.java-1.44.0-win32-x64\jre\21.0.8-win32-x86_64\bin\net.dll
Event: 0.148 Loaded shared library C:\Users\jocopernicus\.vscode\extensions\redhat.java-1.44.0-win32-x64\jre\21.0.8-win32-x86_64\bin\nio.dll
Event: 0.151 Loaded shared library C:\Users\jocopernicus\.vscode\extensions\redhat.java-1.44.0-win32-x64\jre\21.0.8-win32-x86_64\bin\zip.dll
Event: 0.175 Loaded shared library C:\Users\jocopernicus\.vscode\extensions\redhat.java-1.44.0-win32-x64\jre\21.0.8-win32-x86_64\bin\jimage.dll
Event: 0.277 Loaded shared library c:\Users\jocopernicus\.vscode\extensions\redhat.java-1.44.0-win32-x64\jre\21.0.8-win32-x86_64\bin\verify.dll

Deoptimization events (20 events):
Event: 1.039 Thread 0x0000018e9c689d70 DEOPT PACKING pc=0x0000018ea9767b54 sp=0x0000008a3bffe940
Event: 1.039 Thread 0x0000018e9c689d70 DEOPT UNPACKING pc=0x0000018ea91c3aa2 sp=0x0000008a3bffe8d8 mode 2
Event: 1.039 Thread 0x0000018e9c689d70 Uncommon trap: trap_request=0xffffffde fr.pc=0x0000018ea975b854 relative=0x00000000000005b4
Event: 1.039 Thread 0x0000018e9c689d70 Uncommon trap: reason=class_check action=maybe_recompile pc=0x0000018ea975b854 method=java.util.Collections$UnmodifiableCollection$1.<init>(Ljava/util/Collections$UnmodifiableCollection;)V @ 17 c2
Event: 1.039 Thread 0x0000018e9c689d70 DEOPT PACKING pc=0x0000018ea975b854 sp=0x0000008a3bffe970
Event: 1.039 Thread 0x0000018e9c689d70 DEOPT UNPACKING pc=0x0000018ea91c3aa2 sp=0x0000008a3bffe8b8 mode 2
Event: 1.110 Thread 0x0000018e9c689d70 Uncommon trap: trap_request=0xffffff45 fr.pc=0x0000018ea975d0fc relative=0x000000000000019c
Event: 1.110 Thread 0x0000018e9c689d70 Uncommon trap: reason=unstable_if action=reinterpret pc=0x0000018ea975d0fc method=java.lang.invoke.VarHandle.checkAccessModeThenIsDirect(Ljava/lang/invoke/VarHandle$AccessDescriptor;)Z @ 4 c2
Event: 1.110 Thread 0x0000018e9c689d70 DEOPT PACKING pc=0x0000018ea975d0fc sp=0x0000008a3bffe920
Event: 1.110 Thread 0x0000018e9c689d70 DEOPT UNPACKING pc=0x0000018ea91c3aa2 sp=0x0000008a3bffe878 mode 2
Event: 1.214 Thread 0x0000018e9c689d70 Uncommon trap: trap_request=0xffffff45 fr.pc=0x0000018ea9758d30 relative=0x0000000000000f30
Event: 1.214 Thread 0x0000018e9c689d70 Uncommon trap: reason=unstable_if action=reinterpret pc=0x0000018ea9758d30 method=lombok.patcher.PatchScript.classMatches(Ljava/lang/String;Ljava/util/Collection;)Z @ 25 c2
Event: 1.214 Thread 0x0000018e9c689d70 DEOPT PACKING pc=0x0000018ea9758d30 sp=0x0000008a3bff8ae0
Event: 1.214 Thread 0x0000018e9c689d70 DEOPT UNPACKING pc=0x0000018ea91c3aa2 sp=0x0000008a3bff8aa0 mode 2
Event: 1.214 Thread 0x0000018e9c689d70 Uncommon trap: trap_request=0xffffff45 fr.pc=0x0000018ea97621a8 relative=0x0000000000000088
Event: 1.214 Thread 0x0000018e9c689d70 Uncommon trap: reason=unstable_if action=reinterpret pc=0x0000018ea97621a8 method=lombok.patcher.scripts.MethodLevelPatchScript.patch(Ljava/lang/String;[BLlombok/patcher/TransplantMapper;)[B @ 8 c2
Event: 1.214 Thread 0x0000018e9c689d70 DEOPT PACKING pc=0x0000018ea97621a8 sp=0x0000008a3bff8b50
Event: 1.214 Thread 0x0000018e9c689d70 DEOPT UNPACKING pc=0x0000018ea91c3aa2 sp=0x0000008a3bff8ae0 mode 2
Event: 1.216 Thread 0x0000018e9c689d70 DEOPT PACKING pc=0x0000018ea1ccab8d sp=0x0000008a3bff7f10
Event: 1.216 Thread 0x0000018e9c689d70 DEOPT UNPACKING pc=0x0000018ea91c4242 sp=0x0000008a3bff73c0 mode 0

Classes loaded (20 events):
Event: 1.157 Loading class java/util/AbstractQueue done
Event: 1.157 Loading class java/util/concurrent/SynchronousQueue done
Event: 1.157 Loading class java/util/concurrent/SynchronousQueue$Transferer
Event: 1.158 Loading class java/util/concurrent/LinkedTransferQueue
Event: 1.158 Loading class java/util/concurrent/TransferQueue
Event: 1.158 Loading class java/util/concurrent/TransferQueue done
Event: 1.158 Loading class java/util/concurrent/LinkedTransferQueue done
Event: 1.158 Loading class java/util/concurrent/SynchronousQueue$Transferer done
Event: 1.158 Loading class java/util/concurrent/LinkedTransferQueue$DualNode
Event: 1.158 Loading class java/util/concurrent/LinkedTransferQueue$DualNode done
Event: 1.159 Loading class java/util/concurrent/RejectedExecutionHandler
Event: 1.159 Loading class java/util/concurrent/RejectedExecutionHandler done
Event: 1.160 Loading class java/util/concurrent/LinkedBlockingQueue
Event: 1.160 Loading class java/util/concurrent/LinkedBlockingQueue done
Event: 1.160 Loading class java/util/concurrent/LinkedBlockingQueue$Node
Event: 1.160 Loading class java/util/concurrent/LinkedBlockingQueue$Node done
Event: 1.172 Loading class java/util/concurrent/Semaphore$NonfairSync
Event: 1.172 Loading class java/util/concurrent/Semaphore$Sync
Event: 1.172 Loading class java/util/concurrent/Semaphore$Sync done
Event: 1.172 Loading class java/util/concurrent/Semaphore$NonfairSync done

Classes unloaded (0 events):
No events

Classes redefined (0 events):
No events

Internal exceptions (20 events):
Event: 0.673 Thread 0x0000018e9c689d70 Exception <a 'java/io/FileNotFoundException'{0x00000000d64cd098}> (0x00000000d64cd098) 
thrown [s\src\hotspot\share\prims\jni.cpp, line 520]
Event: 0.673 Thread 0x0000018e9c689d70 Exception <a 'java/io/FileNotFoundException'{0x00000000d64cdc18}> (0x00000000d64cdc18) 
thrown [s\src\hotspot\share\prims\jni.cpp, line 520]
Event: 0.677 Thread 0x0000018e9c689d70 Implicit null exception at 0x0000018ea9741ca4 to 0x0000018ea9742270
Event: 0.678 Thread 0x0000018e9c689d70 Implicit null exception at 0x0000018ea9742f20 to 0x0000018ea97434dc
Event: 0.680 Thread 0x0000018e9c689d70 Exception <a 'java/io/FileNotFoundException'{0x00000000d6507e00}> (0x00000000d6507e00) 
thrown [s\src\hotspot\share\prims\jni.cpp, line 520]
Event: 0.691 Thread 0x0000018e9c689d70 Exception <a 'java/lang/NoSuchMethodError'{0x00000000d65434c0}: 'java.lang.Object java.lang.invoke.DirectMethodHandle$Holder.invokeInterface(java.lang.Object, java.lang.Object)'> (0x00000000d65434c0) 
thrown [s\src\hotspot\share\interpreter\linkResolver.cpp, line 773]
Event: 0.695 Thread 0x0000018e9c689d70 Exception <a 'java/lang/NoSuchMethodError'{0x00000000d6556af8}: 'java.lang.Object java.lang.invoke.Invokers$Holder.invokeExact_MT(java.lang.Object, java.lang.Object, java.lang.Object, java.lang.Object, java.lang.Object, java.lang.Object)'> (0x00000000d6556af8) 
thrown [s\src\hotspot\share\interpreter\linkResolver.cpp, line 773]
Event: 0.702 Thread 0x0000018e9c689d70 Exception <a 'java/lang/NoSuchMethodError'{0x00000000d656dd50}: 'int java.lang.invoke.DirectMethodHandle$Holder.invokeStatic(java.lang.Object, java.lang.Object, java.lang.Object, java.lang.Object, java.lang.Object)'> (0x00000000d656dd50) 
thrown [s\src\hotspot\share\interpreter\linkResolver.cpp, line 773]
Event: 0.738 Thread 0x0000018e9c689d70 Exception <a 'java/lang/NoSuchMethodError'{0x00000000d66026d8}: 'java.lang.Object java.lang.invoke.DirectMethodHandle$Holder.invokeInterface(java.lang.Object, java.lang.Object, int)'> (0x00000000d66026d8) 
thrown [s\src\hotspot\share\interpreter\linkResolver.cpp, line 773]
Event: 0.889 Thread 0x0000018e9c689d70 Exception <a 'java/lang/NoSuchMethodError'{0x00000000d6a8a060}: 'java.lang.ClassLoader java.lang.ClassLoader.getPlatformClassLoader(java.lang.Class)'> (0x00000000d6a8a060) 
thrown [s\src\hotspot\share\interpreter\linkResolver.cpp, line 773]
Event: 0.981 Thread 0x0000018e9c689d70 Exception <a 'java/lang/ClassNotFoundException'{0x00000000d559ff10}: sun/net/www/protocol/c/Handler> (0x00000000d559ff10) 
thrown [s\src\hotspot\share\classfile\systemDictionary.cpp, line 312]
Event: 0.982 Thread 0x0000018e9c689d70 Exception <a 'java/lang/ClassNotFoundException'{0x00000000d55a12c0}: sun/net/www/protocol/d/Handler> (0x00000000d55a12c0) 
thrown [s\src\hotspot\share\classfile\systemDictionary.cpp, line 312]
Event: 0.982 Thread 0x0000018e9c689d70 Exception <a 'java/lang/ClassNotFoundException'{0x00000000d55a24a0}: sun/net/www/protocol/c/Handler> (0x00000000d55a24a0) 
thrown [s\src\hotspot\share\classfile\systemDictionary.cpp, line 312]
Event: 0.994 Thread 0x0000018e9c689d70 Exception <a 'java/io/FileNotFoundException'{0x00000000d55c73e0}> (0x00000000d55c73e0) 
thrown [s\src\hotspot\share\prims\jni.cpp, line 520]
Event: 1.035 Thread 0x0000018e9c689d70 Implicit null exception at 0x0000018ea9776249 to 0x0000018ea9776d44
Event: 1.035 Thread 0x0000018e9c689d70 Implicit null exception at 0x0000018ea976ca9a to 0x0000018ea976ccb8
Event: 1.036 Thread 0x0000018e9c689d70 Exception <a 'java/lang/NoSuchMethodError'{0x00000000d57b5490}: 'void java.lang.invoke.DirectMethodHandle$Holder.invokeStatic(java.lang.Object, java.lang.Object, java.lang.Object, java.lang.Object)'> (0x00000000d57b5490) 
thrown [s\src\hotspot\share\interpreter\linkResolver.cpp, line 773]
Event: 1.039 Thread 0x0000018e9c689d70 Implicit null exception at 0x0000018ea976e49a to 0x0000018ea976e6bc
Event: 1.039 Thread 0x0000018e9c689d70 Implicit null exception at 0x0000018ea9767ac0 to 0x0000018ea9767b45
Event: 1.124 Thread 0x0000018e9c689d70 Exception <a 'java/lang/NoSuchMethodError'{0x00000000d5a2cf30}: 'void java.lang.invoke.DirectMethodHandle$Holder.invokeSpecial(java.lang.Object, java.lang.Object, java.lang.Object)'> (0x00000000d5a2cf30) 
thrown [s\src\hotspot\share\interpreter\linkResolver.cpp, line 773]

ZGC Phase Switch (0 events):
No events

VM Operations (10 events):
Event: 0.186 Executing VM operation: HandshakeAllThreads (Deoptimize)
Event: 0.186 Executing VM operation: HandshakeAllThreads (Deoptimize) done
Event: 0.615 Executing VM operation: HandshakeAllThreads (Deoptimize)
Event: 0.615 Executing VM operation: HandshakeAllThreads (Deoptimize) done
Event: 0.639 Executing VM operation: HandshakeAllThreads (Deoptimize)
Event: 0.639 Executing VM operation: HandshakeAllThreads (Deoptimize) done
Event: 0.941 Executing VM operation: HandshakeAllThreads (Deoptimize)
Event: 0.941 Executing VM operation: HandshakeAllThreads (Deoptimize) done
Event: 0.955 Executing VM operation: ParallelGCFailedAllocation (Allocation Failure)
Event: 0.977 Executing VM operation: ParallelGCFailedAllocation (Allocation Failure) done

Memory protections (0 events):
No events

Nmethod flushes (0 events):
No events

Events (12 events):
Event: 0.041 Thread 0x0000018e9c689d70 Thread added: 0x0000018e9c689d70
Event: 0.066 Thread 0x0000018e9c689d70 Thread added: 0x0000018e9e9bc010
Event: 0.068 Thread 0x0000018e9c689d70 Thread added: 0x0000018e9e9bd940
Event: 0.071 Thread 0x0000018e9c689d70 Thread added: 0x0000018e9e9c1590
Event: 0.071 Thread 0x0000018e9c689d70 Thread added: 0x0000018e9e9c3020
Event: 0.071 Thread 0x0000018e9c689d70 Thread added: 0x0000018e9e9c4d90
Event: 0.071 Thread 0x0000018e9c689d70 Thread added: 0x0000018e9e9cc830
Event: 0.072 Thread 0x0000018e9c689d70 Thread added: 0x0000018e9e9d2670
Event: 0.072 Thread 0x0000018e9c689d70 Thread added: 0x0000018e9e9d3630
Event: 0.097 Thread 0x0000018e9c689d70 Thread added: 0x0000018e9eab8ff0
Event: 0.123 Thread 0x0000018e9e9d3630 Thread added: 0x0000018efc1aec90
Event: 0.426 Thread 0x0000018e9c689d70 Thread added: 0x0000018efc3087a0


Dynamic libraries:
0x00007ff7d1420000 - 0x00007ff7d142e000 	c:\Users\jocopernicus\.vscode\extensions\redhat.java-1.44.0-win32-x64\jre\21.0.8-win32-x86_64\bin\java.exe
0x00007ffa77710000 - 0x00007ffa77908000 	C:\WINDOWS\SYSTEM32\ntdll.dll
0x00007ffa3ba30000 - 0x00007ffa3ba50000 	C:\Program Files\Avast Software\Avast\aswhook.dll
0x00007ffa76810000 - 0x00007ffa768d2000 	C:\WINDOWS\System32\KERNEL32.DLL
0x00007ffa74da0000 - 0x00007ffa75096000 	C:\WINDOWS\System32\KERNELBASE.dll
0x00007ffa750a0000 - 0x00007ffa751a0000 	C:\WINDOWS\System32\ucrtbase.dll
0x00007ffa6add0000 - 0x00007ffa6adee000 	c:\Users\jocopernicus\.vscode\extensions\redhat.java-1.44.0-win32-x64\jre\21.0.8-win32-x86_64\bin\VCRUNTIME140.dll
0x00007ffa5c8a0000 - 0x00007ffa5c8b8000 	c:\Users\jocopernicus\.vscode\extensions\redhat.java-1.44.0-win32-x64\jre\21.0.8-win32-x86_64\bin\jli.dll
0x00007ffa77530000 - 0x00007ffa776cd000 	C:\WINDOWS\System32\USER32.dll
0x00007ffa65dc0000 - 0x00007ffa6605a000 	C:\WINDOWS\WinSxS\amd64_microsoft.windows.common-controls_6595b64144ccf1df_6.0.19041.5915_none_60b4b9d171f9c7c7\COMCTL32.dll
0x00007ffa75670000 - 0x00007ffa75692000 	C:\WINDOWS\System32\win32u.dll
0x00007ffa76720000 - 0x00007ffa7674b000 	C:\WINDOWS\System32\GDI32.dll
0x00007ffa75890000 - 0x00007ffa7592e000 	C:\WINDOWS\System32\msvcrt.dll
0x00007ffa75250000 - 0x00007ffa75369000 	C:\WINDOWS\System32\gdi32full.dll
0x00007ffa75370000 - 0x00007ffa7540d000 	C:\WINDOWS\System32\msvcp_win.dll
0x00007ffa75860000 - 0x00007ffa7588f000 	C:\WINDOWS\System32\IMM32.DLL
0x00007ffa68d80000 - 0x00007ffa68d8c000 	c:\Users\jocopernicus\.vscode\extensions\redhat.java-1.44.0-win32-x64\jre\21.0.8-win32-x86_64\bin\vcruntime140_1.dll
0x00007ffa39890000 - 0x00007ffa3991d000 	c:\Users\jocopernicus\.vscode\extensions\redhat.java-1.44.0-win32-x64\jre\21.0.8-win32-x86_64\bin\msvcp140.dll
0x00007ffa1d9a0000 - 0x00007ffa1e737000 	c:\Users\jocopernicus\.vscode\extensions\redhat.java-1.44.0-win32-x64\jre\21.0.8-win32-x86_64\bin\server\jvm.dll
0x00007ffa76750000 - 0x00007ffa76801000 	C:\WINDOWS\System32\ADVAPI32.dll
0x00007ffa77490000 - 0x00007ffa7752f000 	C:\WINDOWS\System32\sechost.dll
0x00007ffa75c90000 - 0x00007ffa75db3000 	C:\WINDOWS\System32\RPCRT4.dll
0x00007ffa75220000 - 0x00007ffa75247000 	C:\WINDOWS\System32\bcrypt.dll
0x00007ffa76ef0000 - 0x00007ffa76f5b000 	C:\WINDOWS\System32\WS2_32.dll
0x00007ffa742b0000 - 0x00007ffa742fb000 	C:\WINDOWS\SYSTEM32\POWRPROF.dll
0x00007ffa6b880000 - 0x00007ffa6b8a7000 	C:\WINDOWS\SYSTEM32\WINMM.dll
0x00007ffa6c860000 - 0x00007ffa6c86a000 	C:\WINDOWS\SYSTEM32\VERSION.dll
0x00007ffa74170000 - 0x00007ffa74182000 	C:\WINDOWS\SYSTEM32\UMPDC.dll
0x00007ffa73580000 - 0x00007ffa73592000 	C:\WINDOWS\SYSTEM32\kernel.appcore.dll
0x00007ffa65620000 - 0x00007ffa6562a000 	c:\Users\jocopernicus\.vscode\extensions\redhat.java-1.44.0-win32-x64\jre\21.0.8-win32-x86_64\bin\jimage.dll
0x00007ffa72940000 - 0x00007ffa72b41000 	C:\WINDOWS\SYSTEM32\DBGHELP.DLL
0x00007ffa6bb60000 - 0x00007ffa6bb94000 	C:\WINDOWS\SYSTEM32\dbgcore.DLL
0x00007ffa756a0000 - 0x00007ffa75722000 	C:\WINDOWS\System32\bcryptPrimitives.dll
0x00007ffa655e0000 - 0x00007ffa655ef000 	c:\Users\jocopernicus\.vscode\extensions\redhat.java-1.44.0-win32-x64\jre\21.0.8-win32-x86_64\bin\instrument.dll
0x00007ffa5c820000 - 0x00007ffa5c83f000 	c:\Users\jocopernicus\.vscode\extensions\redhat.java-1.44.0-win32-x64\jre\21.0.8-win32-x86_64\bin\java.dll
0x00007ffa75fb0000 - 0x00007ffa7671e000 	C:\WINDOWS\System32\SHELL32.dll
0x00007ffa72d00000 - 0x00007ffa734a4000 	C:\WINDOWS\SYSTEM32\windows.storage.dll
0x00007ffa75930000 - 0x00007ffa75c83000 	C:\WINDOWS\System32\combase.dll
0x00007ffa747d0000 - 0x00007ffa747fb000 	C:\WINDOWS\SYSTEM32\Wldp.dll
0x00007ffa75dd0000 - 0x00007ffa75e9d000 	C:\WINDOWS\System32\OLEAUT32.dll
0x00007ffa76c40000 - 0x00007ffa76ced000 	C:\WINDOWS\System32\SHCORE.dll
0x00007ffa75f30000 - 0x00007ffa75f8b000 	C:\WINDOWS\System32\shlwapi.dll
0x00007ffa74cd0000 - 0x00007ffa74cf4000 	C:\WINDOWS\SYSTEM32\profapi.dll
0x00007ffa5bdf0000 - 0x00007ffa5be08000 	c:\Users\jocopernicus\.vscode\extensions\redhat.java-1.44.0-win32-x64\jre\21.0.8-win32-x86_64\bin\zip.dll
0x00007ffa62750000 - 0x00007ffa62760000 	C:\Users\jocopernicus\.vscode\extensions\redhat.java-1.44.0-win32-x64\jre\21.0.8-win32-x86_64\bin\net.dll
0x00007ffa6bba0000 - 0x00007ffa6bcaa000 	C:\WINDOWS\SYSTEM32\WINHTTP.dll
0x00007ffa744f0000 - 0x00007ffa7455a000 	C:\WINDOWS\system32\mswsock.dll
0x00007ffa5b1a0000 - 0x00007ffa5b1b6000 	C:\Users\jocopernicus\.vscode\extensions\redhat.java-1.44.0-win32-x64\jre\21.0.8-win32-x86_64\bin\nio.dll
0x00007ffa5ed50000 - 0x00007ffa5ed60000 	c:\Users\jocopernicus\.vscode\extensions\redhat.java-1.44.0-win32-x64\jre\21.0.8-win32-x86_64\bin\verify.dll

JVMTI agents:
c:\Users\jocopernicus\.vscode\extensions\redhat.java-1.44.0-win32-x64\lombok\lombok-1.18.39-4050.jar path:c:\Users\jocopernicus\.vscode\extensions\redhat.java-1.44.0-win32-x64\jre\21.0.8-win32-x86_64\bin\instrument.dll, loaded, initialized, instrumentlib options:none

dbghelp: loaded successfully - version: 4.0.5 - missing functions: none
symbol engine: initialized successfully - sym options: 0x614 - pdb path: .;c:\Users\jocopernicus\.vscode\extensions\redhat.java-1.44.0-win32-x64\jre\21.0.8-win32-x86_64\bin;C:\WINDOWS\SYSTEM32;C:\Program Files\Avast Software\Avast;C:\WINDOWS\WinSxS\amd64_microsoft.windows.common-controls_6595b64144ccf1df_6.0.19041.5915_none_60b4b9d171f9c7c7;c:\Users\jocopernicus\.vscode\extensions\redhat.java-1.44.0-win32-x64\jre\21.0.8-win32-x86_64\bin\server

VM Arguments:
jvm_args: --add-modules=ALL-SYSTEM --add-opens=java.base/java.util=ALL-UNNAMED --add-opens=java.base/java.lang=ALL-UNNAMED --add-opens=java.base/sun.nio.fs=ALL-UNNAMED -Declipse.application=org.eclipse.jdt.ls.core.id1 -Dosgi.bundles.defaultStartLevel=4 -Declipse.product=org.eclipse.jdt.ls.core.product -Djava.import.generatesMetadataFilesAtProjectRoot=false -DDetectVMInstallationsJob.disabled=true -Dfile.encoding=utf8 -XX:+UseParallelGC -XX:GCTimeRatio=4 -XX:AdaptiveSizePolicyWeight=90 -Dsun.zip.disableMemoryMapping=true -Xmx2G -Xms100m -Xlog:disable -javaagent:c:\Users\jocopernicus\.vscode\extensions\redhat.java-1.44.0-win32-x64\lombok\lombok-1.18.39-4050.jar 
java_command: c:\Users\jocopernicus\.vscode\extensions\redhat.java-1.44.0-win32-x64\server\plugins\org.eclipse.equinox.launcher_1.7.0.v20250519-0528.jar -configuration c:\Users\jocopernicus\AppData\Roaming\Code\User\globalStorage\redhat.java\1.44.0\config_ss_win -data c:\Users\jocopernicus\AppData\Roaming\Code\User\workspaceStorage\afa8120808d8d8979d47500c416289e5\redhat.java\ss_ws --pipe=\\.\pipe\lsp-7a190228ab86bd69ce981d54a46baf67-sock
java_class_path (initial): c:\Users\jocopernicus\.vscode\extensions\redhat.java-1.44.0-win32-x64\server\plugins\org.eclipse.equinox.launcher_1.7.0.v20250519-0528.jar
Launcher Type: SUN_STANDARD

[Global flags]
    uintx AdaptiveSizePolicyWeight                 = 90                                        {product} {command line}
     intx CICompilerCount                          = 4                                         {product} {ergonomic}
    uintx GCTimeRatio                              = 4                                         {product} {command line}
   size_t InitialHeapSize                          = 104857600                                 {product} {command line}
   size_t MaxHeapSize                              = 2147483648                                {product} {command line}
   size_t MaxNewSize                               = 715653120                                 {product} {ergonomic}
   size_t MinHeapDeltaBytes                        = 524288                                    {product} {ergonomic}
   size_t MinHeapSize                              = 104857600                                 {product} {command line}
   size_t NewSize                                  = 34603008                                  {product} {ergonomic}
    uintx NonNMethodCodeHeapSize                   = 5839372                                {pd product} {ergonomic}
    uintx NonProfiledCodeHeapSize                  = 122909434                              {pd product} {ergonomic}
   size_t OldSize                                  = 70254592                                  {product} {ergonomic}
    uintx ProfiledCodeHeapSize                     = 122909434                              {pd product} {ergonomic}
    uintx ReservedCodeCacheSize                    = 251658240                              {pd product} {ergonomic}
     bool SegmentedCodeCache                       = true                                      {product} {ergonomic}
   size_t SoftMaxHeapSize                          = 2147483648                             {manageable} {ergonomic}
     bool UseCompressedOops                        = true                           {product lp64_product} {ergonomic}
     bool UseLargePagesIndividualAllocation        = false                                  {pd product} {ergonomic}
     bool UseParallelGC                            = true                                      {product} {command line}

Logging:
Log output configuration:
 #0: stdout all=off uptime,level,tags foldmultilines=false
 #1: stderr all=off uptime,level,tags foldmultilines=false

Environment Variables:
JAVA_HOME=C:\Program Files\Java\jdk-17.0.4
CLASSPATH=.;
PATH=C:\Program Files\nodejs;C:\Program Files\apache-maven-3.8.6\bin;C:\Program Files\Common Files\Oracle\Java\javapath;C:\Python39\Scripts\;C:\Python39\;C:\ProgramData\Oracle\Java\javapath;C:\entwicklung\oracle_11.2.0\product\11.2.0\dbhome_1\bin;C:\entwicklung\product\11.2.0\dbhome_1\bin;C:\Windows\system32;C:\Windows;C:\Windows\System32\Wbem;C:\Windows\System32\WindowsPowerShell\v1.0\;C:\Program Files (x86)\Common Files\lenovo\easyplussdk\bin;C:\Program Files (x86)\NVIDIA Corporation\PhysX\Common;C:\Program Files\Intel\WiFi\bin\;C:\Program Files\Common Files\Intel\WirelessCommon\;C:\WINDOWS\system32;C:\WINDOWS;C:\WINDOWS\System32\Wbem;C:\WINDOWS\System32\WindowsPowerShell\v1.0\;C:\Program Files\Git\cmd;C:\Program Files\Git\mingw64\bin;C:\Program Files\Git\usr\bin;C:\Program Files\devtools\kranalyzer;C:\WINDOWS\System32\OpenSSH\;C:\ProgramData\chocolatey\bin;C:\Program Files\Java\jdk-17.0.4\bin;C:\Users\jocopernicus\AppData\Local\Android\Sdk;C:\Users\jocopernicus\AppData\Local\Android\Sdk\platform-tools;C:\Android\android-;C:\Program Files\Docker\Docker\resources\bin;C:\Program Files\dotnet\;C:\Users\jocopernicus\AppData\Local\Microsoft\WindowsApps;C:\Program Files\devtools\Nmap;C:\Program Files\Docker Toolbox;C:\Program Files\JetBrains\IntelliJ IDEA 2019.3.4\bin;;C:\Program Files\JetBrains\PyCharm 2020.2.3\bin;;C:\Windows\SysWow64\;C:\Users\jocopernicus\AppData\Roaming\npm;C:\Users\jocopernicus\AppData\Local\Programs\Microsoft VS Code\bin
USERNAME=jocopernicus
OS=Windows_NT
PROCESSOR_IDENTIFIER=Intel64 Family 6 Model 94 Stepping 3, GenuineIntel
TMP=C:\Users\JOCOPE~1\AppData\Local\Temp
TEMP=C:\Users\JOCOPE~1\AppData\Local\Temp




Periodic native trim disabled

---------------  S Y S T E M  ---------------

OS:
 Windows 10 , 64 bit Build 19041 (10.0.19041.5915)
OS uptime: 1 days 11:49 hours
Hyper-V role detected

CPU: total 8 (initial active 8) (4 cores per cpu, 2 threads per core) family 6 model 94 stepping 3 microcode 0xcc, cx8, cmov, fxsr, ht, mmx, 3dnowpref, sse, sse2, sse3, ssse3, sse4.1, sse4.2, popcnt, lzcnt, tsc, tscinvbit, avx, avx2, aes, erms, clmul, bmi1, bmi2, rtm, adx, fma, vzeroupper, clflush, clflushopt, hv, rdtscp, f16c
Processor Information for the first 8 processors :
  Max Mhz: 2601, Current Mhz: 2600, Mhz Limit: 2574

Memory: 4k page, system-wide physical 16211M (494M free)
TotalPageFile size 40715M (AvailPageFile size 2M)
current process WorkingSet (physical memory assigned to process): 83M, peak: 83M
current process commit charge ("private bytes"): 238M, peak: 238M

vm_info: OpenJDK 64-Bit Server VM (21.0.8+9-LTS) for windows-amd64 JRE (21.0.8+9-LTS), built on 2025-07-15T00:00:00Z by "admin" with MS VC++ 17.7 (VS2022)

END.
