#
# There is insufficient memory for the Java Runtime Environment to continue.
# Native memory allocation (malloc) failed to allocate 1048576 bytes. Error detail: AllocateHeap
# Possible reasons:
#   The system is out of physical RAM or swap space
#   This process is running with CompressedOops enabled, and the Java Heap may be blocking the growth of the native heap
# Possible solutions:
#   Reduce memory load on the system
#   Increase physical memory or swap space
#   Check if swap backing store is full
#   Decrease Java heap size (-Xmx/-Xms)
#   Decrease number of Java threads
#   Decrease Java thread stack sizes (-Xss)
#   Set larger code cache with -XX:ReservedCodeCacheSize=
#   JVM is running with Unscaled Compressed Oops mode in which the Java heap is
#     placed in the first 4GB address space. The Java Heap base address is the
#     maximum limit for the native heap growth. Please use -XX:HeapBaseMinAddress
#     to set the Java Heap base and to place the Java Heap above 4GB virtual address.
# This output file may be truncated or incomplete.
#
#  Out of Memory Error (allocation.cpp:44), pid=27384, tid=22716
#
# JRE version:  (21.0.8+9) (build )
# Java VM: OpenJDK 64-Bit Server VM (21.0.8+9-LTS, mixed mode, sharing, tiered, compressed oops, compressed class ptrs, parallel gc, windows-amd64)
# No core dump will be written. Minidumps are not enabled by default on client versions of Windows
#

---------------  S U M M A R Y ------------

Command Line: --add-modules=ALL-SYSTEM --add-opens=java.base/java.util=ALL-UNNAMED --add-opens=java.base/java.lang=ALL-UNNAMED --add-opens=java.base/sun.nio.fs=ALL-UNNAMED -Declipse.application=org.eclipse.jdt.ls.core.id1 -Dosgi.bundles.defaultStartLevel=4 -Declipse.product=org.eclipse.jdt.ls.core.product -Djava.import.generatesMetadataFilesAtProjectRoot=false -DDetectVMInstallationsJob.disabled=true -Dfile.encoding=utf8 -XX:+UseParallelGC -XX:GCTimeRatio=4 -XX:AdaptiveSizePolicyWeight=90 -Dsun.zip.disableMemoryMapping=true -Xmx2G -Xms100m -Xlog:disable -javaagent:c:\Users\jocopernicus\.vscode\extensions\redhat.java-1.44.0-win32-x64\lombok\lombok-1.18.39-4050.jar -XX:+HeapDumpOnOutOfMemoryError -XX:HeapDumpPath=c:\Users\jocopernicus\AppData\Roaming\Code\User\workspaceStorage\afa8120808d8d8979d47500c416289e5\redhat.java -Daether.dependencyCollector.impl=bf c:\Users\jocopernicus\.vscode\extensions\redhat.java-1.44.0-win32-x64\server\plugins\org.eclipse.equinox.launcher_1.7.0.v20250519-0528.jar -configuration c:\Users\jocopernicus\AppData\Roaming\Code\User\globalStorage\redhat.java\1.44.0\config_win -data c:\Users\jocopernicus\AppData\Roaming\Code\User\workspaceStorage\afa8120808d8d8979d47500c416289e5\redhat.java\jdt_ws --pipe=\\.\pipe\lsp-4f297d207a853eafb76381485c399b2c-sock

Host: Intel(R) Core(TM) i7-6700HQ CPU @ 2.60GHz, 8 cores, 15G,  Windows 10 , 64 bit Build 19041 (10.0.19041.5915)
Time: Mon Aug 11 23:54:55 2025 W. Europe Daylight Time elapsed time: 0.142173 seconds (0d 0h 0m 0s)

---------------  T H R E A D  ---------------

Current thread (0x0000018f4b14a020):  JavaThread "Unknown thread" [_thread_in_vm, id=22716, stack(0x0000003c99600000,0x0000003c99700000) (1024K)]

Stack: [0x0000003c99600000,0x0000003c99700000]
Native frames: (J=compiled Java code, j=interpreted, Vv=VM code, C=native code)
V  [jvm.dll+0x6d2449]
V  [jvm.dll+0x8ae341]
V  [jvm.dll+0x8b08be]
V  [jvm.dll+0x8b0fa3]
V  [jvm.dll+0x280c96]
V  [jvm.dll+0xc0347]
V  [jvm.dll+0x70fa0d]
V  [jvm.dll+0x7100cc]
V  [jvm.dll+0x6e0f48]
V  [jvm.dll+0x877c7c]
V  [jvm.dll+0x3becec]
V  [jvm.dll+0x8606d8]
V  [jvm.dll+0x4530ee]
V  [jvm.dll+0x454d31]
C  [jli.dll+0x5278]
C  [ucrtbase.dll+0x21bb2]
C  [KERNEL32.DLL+0x17374]
C  [ntdll.dll+0x4cc91]


---------------  P R O C E S S  ---------------

Threads class SMR info:
_java_thread_list=0x0000018f4d43fad0, length=1, elements={
0x0000018f4b14a020
}

Java Threads: ( => current thread )
=>0x0000018f4b14a020 JavaThread "Unknown thread"             [_thread_in_vm, id=22716, stack(0x0000003c99600000,0x0000003c99700000) (1024K)]
Total: 1

Other Threads:
  0x0000018f4d4861a0 WatcherThread "VM Periodic Task Thread"        [id=30576, stack(0x0000003c99800000,0x0000003c99900000) (1024K)]
  0x0000018f4d439820 WorkerThread "GC Thread#0"                     [id=27432, stack(0x0000003c99700000,0x0000003c99800000) (1024K)]
Total: 2

Threads with active compile tasks:
Total: 0

VM state: not at safepoint (normal execution)

VM Mutex/Monitor currently owned by a thread: None

Heap address: 0x0000000080000000, size: 2048 MB, Compressed Oops mode: 32-bit

CDS archive(s) mapped at: [0x0000018f00000000-0x0000018f00ba0000-0x0000018f00ba0000), size 12189696, SharedBaseAddress: 0x0000018f00000000, ArchiveRelocationMode: 1.
Compressed class space mapped at: 0x0000018f01000000-0x0000018f41000000, reserved size: 1073741824
Narrow klass base: 0x0000018f00000000, Narrow klass shift: 0, Narrow klass range: 0x100000000

GC Precious Log:
 CardTable entry size: 512
 CPUs: 8 total, 8 available
 Memory: 16211M
 Large Page Support: Disabled
 NUMA Support: Disabled
 Compressed Oops: Enabled (32-bit)
 Alignments: Space 512K, Generation 512K, Heap 2M
 Heap Min Capacity: 100M
 Heap Initial Capacity: 100M
 Heap Max Capacity: 2G
 Pre-touch: Disabled
 Parallel Workers: 8

Heap:
 PSYoungGen      total 29696K, used 512K [0x00000000d5580000, 0x00000000d7680000, 0x0000000100000000)
  eden space 25600K, 2% used [0x00000000d5580000,0x00000000d5600020,0x00000000d6e80000)
  from space 4096K, 0% used [0x00000000d7280000,0x00000000d7280000,0x00000000d7680000)
  to   space 4096K, 0% used [0x00000000d6e80000,0x00000000d6e80000,0x00000000d7280000)
 ParOldGen       total 68608K, used 0K [0x0000000080000000, 0x0000000084300000, 0x00000000d5580000)
  object space 68608K, 0% used [0x0000000080000000,0x0000000080000000,0x0000000084300000)
 Metaspace       used 0K, committed 0K, reserved 1048576K
  class space    used 0K, committed 0K, reserved 1048576K

Card table byte_map: [0x0000018f4cdc0000,0x0000018f4d1d0000] _byte_map_base: 0x0000018f4c9c0000

Marking Bits: (ParMarkBitMap*) 0x00007ffa1e65a340
 Begin Bits: [0x0000018f5f8c0000, 0x0000018f618c0000)
 End Bits:   [0x0000018f618c0000, 0x0000018f638c0000)

Polling page: 0x0000018f4b290000

Metaspace:

Usage:
  Non-class:      0 bytes used.
      Class:      0 bytes used.
       Both:      0 bytes used.

Virtual space:
  Non-class space:        0 bytes reserved,       0 bytes (  ?%) committed,  0 nodes.
      Class space:        1.00 GB reserved,       0 bytes (  0%) committed,  1 nodes.
             Both:        1.00 GB reserved,       0 bytes (  0%) committed. 

Chunk freelists:
   Non-Class:  0 bytes
       Class:  16.00 MB
        Both:  16.00 MB

MaxMetaspaceSize: unlimited
CompressedClassSpaceSize: 1.00 GB
Initial GC threshold: 21.00 MB
Current GC threshold: 17179869184.00 GB
CDS: on
 - commit_granule_bytes: 65536.
 - commit_granule_words: 8192.
 - virtual_space_node_default_size: 8388608.
 - enlarge_chunks_in_place: 1.
 - use_allocation_guard: 0.


Internal statistics:

num_allocs_failed_limit: 0.
num_arena_births: 0.
num_arena_deaths: 0.
num_vsnodes_births: 1.
num_vsnodes_deaths: 0.
num_space_committed: 0.
num_space_uncommitted: 0.
num_chunks_returned_to_freelist: 0.
num_chunks_taken_from_freelist: 1.
num_chunk_merges: 0.
num_chunk_splits: 1.
num_chunks_enlarged: 0.
num_inconsistent_stats: 0.

CodeHeap 'non-profiled nmethods': size=120000Kb used=0Kb max_used=0Kb free=120000Kb
 bounds [0x0000018f580e0000, 0x0000018f58350000, 0x0000018f5f610000]
CodeHeap 'profiled nmethods': size=120000Kb used=0Kb max_used=0Kb free=120000Kb
 bounds [0x0000018f50610000, 0x0000018f50880000, 0x0000018f57b40000]
CodeHeap 'non-nmethods': size=5760Kb used=194Kb max_used=342Kb free=5565Kb
 bounds [0x0000018f57b40000, 0x0000018f57db0000, 0x0000018f580e0000]
CodeCache: size=245760Kb, used=194Kb, max_used=342Kb, free=245565Kb
 total_blobs=70, nmethods=0, adapters=48, full_count=0
Compilation: enabled, stopped_count=0, restarted_count=0

Compilation events (0 events):
No events

GC Heap History (0 events):
No events

Dll operation events (1 events):
Event: 0.020 Loaded shared library c:\Users\jocopernicus\.vscode\extensions\redhat.java-1.44.0-win32-x64\jre\21.0.8-win32-x86_64\bin\java.dll

Deoptimization events (0 events):
No events

Classes loaded (0 events):
No events

Classes unloaded (0 events):
No events

Classes redefined (0 events):
No events

Internal exceptions (0 events):
No events

ZGC Phase Switch (0 events):
No events

VM Operations (0 events):
No events

Memory protections (0 events):
No events

Nmethod flushes (0 events):
No events

Events (1 events):
Event: 0.101 Thread 0x0000018f4b14a020 Thread added: 0x0000018f4b14a020


Dynamic libraries:
0x00007ff7d1420000 - 0x00007ff7d142e000 	c:\Users\jocopernicus\.vscode\extensions\redhat.java-1.44.0-win32-x64\jre\21.0.8-win32-x86_64\bin\java.exe
0x00007ffa77710000 - 0x00007ffa77908000 	C:\WINDOWS\SYSTEM32\ntdll.dll
0x00007ffa3ba30000 - 0x00007ffa3ba50000 	C:\Program Files\Avast Software\Avast\aswhook.dll
0x00007ffa76810000 - 0x00007ffa768d2000 	C:\WINDOWS\System32\KERNEL32.DLL
0x00007ffa74da0000 - 0x00007ffa75096000 	C:\WINDOWS\System32\KERNELBASE.dll
0x00007ffa750a0000 - 0x00007ffa751a0000 	C:\WINDOWS\System32\ucrtbase.dll
0x00007ffa6add0000 - 0x00007ffa6ade8000 	c:\Users\jocopernicus\.vscode\extensions\redhat.java-1.44.0-win32-x64\jre\21.0.8-win32-x86_64\bin\jli.dll
0x00007ffa77530000 - 0x00007ffa776cd000 	C:\WINDOWS\System32\USER32.dll
0x00007ffa75670000 - 0x00007ffa75692000 	C:\WINDOWS\System32\win32u.dll
0x00007ffa76720000 - 0x00007ffa7674b000 	C:\WINDOWS\System32\GDI32.dll
0x00007ffa75250000 - 0x00007ffa75369000 	C:\WINDOWS\System32\gdi32full.dll
0x00007ffa75370000 - 0x00007ffa7540d000 	C:\WINDOWS\System32\msvcp_win.dll
0x00007ffa5c8a0000 - 0x00007ffa5c8be000 	c:\Users\jocopernicus\.vscode\extensions\redhat.java-1.44.0-win32-x64\jre\21.0.8-win32-x86_64\bin\VCRUNTIME140.dll
0x00007ffa65dc0000 - 0x00007ffa6605a000 	C:\WINDOWS\WinSxS\amd64_microsoft.windows.common-controls_6595b64144ccf1df_6.0.19041.5915_none_60b4b9d171f9c7c7\COMCTL32.dll
0x00007ffa75890000 - 0x00007ffa7592e000 	C:\WINDOWS\System32\msvcrt.dll
0x00007ffa75860000 - 0x00007ffa7588f000 	C:\WINDOWS\System32\IMM32.DLL
0x00007ffa68d80000 - 0x00007ffa68d8c000 	c:\Users\jocopernicus\.vscode\extensions\redhat.java-1.44.0-win32-x64\jre\21.0.8-win32-x86_64\bin\vcruntime140_1.dll
0x00007ffa39890000 - 0x00007ffa3991d000 	c:\Users\jocopernicus\.vscode\extensions\redhat.java-1.44.0-win32-x64\jre\21.0.8-win32-x86_64\bin\msvcp140.dll
0x00007ffa1d9a0000 - 0x00007ffa1e737000 	c:\Users\jocopernicus\.vscode\extensions\redhat.java-1.44.0-win32-x64\jre\21.0.8-win32-x86_64\bin\server\jvm.dll
0x00007ffa76750000 - 0x00007ffa76801000 	C:\WINDOWS\System32\ADVAPI32.dll
0x00007ffa77490000 - 0x00007ffa7752f000 	C:\WINDOWS\System32\sechost.dll
0x00007ffa75c90000 - 0x00007ffa75db3000 	C:\WINDOWS\System32\RPCRT4.dll
0x00007ffa75220000 - 0x00007ffa75247000 	C:\WINDOWS\System32\bcrypt.dll
0x00007ffa76ef0000 - 0x00007ffa76f5b000 	C:\WINDOWS\System32\WS2_32.dll
0x00007ffa742b0000 - 0x00007ffa742fb000 	C:\WINDOWS\SYSTEM32\POWRPROF.dll
0x00007ffa6b880000 - 0x00007ffa6b8a7000 	C:\WINDOWS\SYSTEM32\WINMM.dll
0x00007ffa6c860000 - 0x00007ffa6c86a000 	C:\WINDOWS\SYSTEM32\VERSION.dll
0x00007ffa74170000 - 0x00007ffa74182000 	C:\WINDOWS\SYSTEM32\UMPDC.dll
0x00007ffa73580000 - 0x00007ffa73592000 	C:\WINDOWS\SYSTEM32\kernel.appcore.dll
0x00007ffa65620000 - 0x00007ffa6562a000 	c:\Users\jocopernicus\.vscode\extensions\redhat.java-1.44.0-win32-x64\jre\21.0.8-win32-x86_64\bin\jimage.dll
0x00007ffa72940000 - 0x00007ffa72b41000 	C:\WINDOWS\SYSTEM32\DBGHELP.DLL
0x00007ffa6bb60000 - 0x00007ffa6bb94000 	C:\WINDOWS\SYSTEM32\dbgcore.DLL
0x00007ffa756a0000 - 0x00007ffa75722000 	C:\WINDOWS\System32\bcryptPrimitives.dll
0x00007ffa655e0000 - 0x00007ffa655ef000 	c:\Users\jocopernicus\.vscode\extensions\redhat.java-1.44.0-win32-x64\jre\21.0.8-win32-x86_64\bin\instrument.dll
0x00007ffa5c820000 - 0x00007ffa5c83f000 	c:\Users\jocopernicus\.vscode\extensions\redhat.java-1.44.0-win32-x64\jre\21.0.8-win32-x86_64\bin\java.dll

JVMTI agents:
c:\Users\jocopernicus\.vscode\extensions\redhat.java-1.44.0-win32-x64\lombok\lombok-1.18.39-4050.jar path:none, loaded, not initialized, instrumentlib options:none

dbghelp: loaded successfully - version: 4.0.5 - missing functions: none
symbol engine: initialized successfully - sym options: 0x614 - pdb path: .;c:\Users\jocopernicus\.vscode\extensions\redhat.java-1.44.0-win32-x64\jre\21.0.8-win32-x86_64\bin;C:\WINDOWS\SYSTEM32;C:\Program Files\Avast Software\Avast;C:\WINDOWS\WinSxS\amd64_microsoft.windows.common-controls_6595b64144ccf1df_6.0.19041.5915_none_60b4b9d171f9c7c7;c:\Users\jocopernicus\.vscode\extensions\redhat.java-1.44.0-win32-x64\jre\21.0.8-win32-x86_64\bin\server

VM Arguments:
jvm_args: --add-modules=ALL-SYSTEM --add-opens=java.base/java.util=ALL-UNNAMED --add-opens=java.base/java.lang=ALL-UNNAMED --add-opens=java.base/sun.nio.fs=ALL-UNNAMED -Declipse.application=org.eclipse.jdt.ls.core.id1 -Dosgi.bundles.defaultStartLevel=4 -Declipse.product=org.eclipse.jdt.ls.core.product -Djava.import.generatesMetadataFilesAtProjectRoot=false -DDetectVMInstallationsJob.disabled=true -Dfile.encoding=utf8 -XX:+UseParallelGC -XX:GCTimeRatio=4 -XX:AdaptiveSizePolicyWeight=90 -Dsun.zip.disableMemoryMapping=true -Xmx2G -Xms100m -Xlog:disable -javaagent:c:\Users\jocopernicus\.vscode\extensions\redhat.java-1.44.0-win32-x64\lombok\lombok-1.18.39-4050.jar -XX:+HeapDumpOnOutOfMemoryError -XX:HeapDumpPath=c:\Users\jocopernicus\AppData\Roaming\Code\User\workspaceStorage\afa8120808d8d8979d47500c416289e5\redhat.java -Daether.dependencyCollector.impl=bf 
java_command: c:\Users\jocopernicus\.vscode\extensions\redhat.java-1.44.0-win32-x64\server\plugins\org.eclipse.equinox.launcher_1.7.0.v20250519-0528.jar -configuration c:\Users\jocopernicus\AppData\Roaming\Code\User\globalStorage\redhat.java\1.44.0\config_win -data c:\Users\jocopernicus\AppData\Roaming\Code\User\workspaceStorage\afa8120808d8d8979d47500c416289e5\redhat.java\jdt_ws --pipe=\\.\pipe\lsp-4f297d207a853eafb76381485c399b2c-sock
java_class_path (initial): c:\Users\jocopernicus\.vscode\extensions\redhat.java-1.44.0-win32-x64\server\plugins\org.eclipse.equinox.launcher_1.7.0.v20250519-0528.jar
Launcher Type: SUN_STANDARD

[Global flags]
    uintx AdaptiveSizePolicyWeight                 = 90                                        {product} {command line}
     intx CICompilerCount                          = 4                                         {product} {ergonomic}
    uintx GCTimeRatio                              = 4                                         {product} {command line}
     bool HeapDumpOnOutOfMemoryError               = true                                   {manageable} {command line}
    ccstr HeapDumpPath                             = c:\Users\jocopernicus\AppData\Roaming\Code\User\workspaceStorage\afa8120808d8d8979d47500c416289e5\redhat.java         {manageable} {command line}
   size_t InitialHeapSize                          = 104857600                                 {product} {command line}
   size_t MaxHeapSize                              = 2147483648                                {product} {command line}
   size_t MaxNewSize                               = 715653120                                 {product} {ergonomic}
   size_t MinHeapDeltaBytes                        = 524288                                    {product} {ergonomic}
   size_t MinHeapSize                              = 104857600                                 {product} {command line}
   size_t NewSize                                  = 34603008                                  {product} {ergonomic}
    uintx NonNMethodCodeHeapSize                   = 5839372                                {pd product} {ergonomic}
    uintx NonProfiledCodeHeapSize                  = 122909434                              {pd product} {ergonomic}
   size_t OldSize                                  = 70254592                                  {product} {ergonomic}
    uintx ProfiledCodeHeapSize                     = 122909434                              {pd product} {ergonomic}
    uintx ReservedCodeCacheSize                    = 251658240                              {pd product} {ergonomic}
     bool SegmentedCodeCache                       = true                                      {product} {ergonomic}
   size_t SoftMaxHeapSize                          = 2147483648                             {manageable} {ergonomic}
     bool UseCompressedOops                        = true                           {product lp64_product} {ergonomic}
     bool UseLargePagesIndividualAllocation        = false                                  {pd product} {ergonomic}
     bool UseParallelGC                            = true                                      {product} {command line}

Logging:
Log output configuration:
 #0: stdout all=off uptime,level,tags foldmultilines=false
 #1: stderr all=off uptime,level,tags foldmultilines=false

Environment Variables:
JAVA_HOME=C:\Program Files\Java\jdk-17.0.4
CLASSPATH=.;
PATH=C:\Program Files\nodejs;C:\Program Files\apache-maven-3.8.6\bin;C:\Program Files\Common Files\Oracle\Java\javapath;C:\Python39\Scripts\;C:\Python39\;C:\ProgramData\Oracle\Java\javapath;C:\entwicklung\oracle_11.2.0\product\11.2.0\dbhome_1\bin;C:\entwicklung\product\11.2.0\dbhome_1\bin;C:\Windows\system32;C:\Windows;C:\Windows\System32\Wbem;C:\Windows\System32\WindowsPowerShell\v1.0\;C:\Program Files (x86)\Common Files\lenovo\easyplussdk\bin;C:\Program Files (x86)\NVIDIA Corporation\PhysX\Common;C:\Program Files\Intel\WiFi\bin\;C:\Program Files\Common Files\Intel\WirelessCommon\;C:\WINDOWS\system32;C:\WINDOWS;C:\WINDOWS\System32\Wbem;C:\WINDOWS\System32\WindowsPowerShell\v1.0\;C:\Program Files\Git\cmd;C:\Program Files\Git\mingw64\bin;C:\Program Files\Git\usr\bin;C:\Program Files\devtools\kranalyzer;C:\WINDOWS\System32\OpenSSH\;C:\ProgramData\chocolatey\bin;C:\Program Files\Java\jdk-17.0.4\bin;C:\Users\jocopernicus\AppData\Local\Android\Sdk;C:\Users\jocopernicus\AppData\Local\Android\Sdk\platform-tools;C:\Android\android-;C:\Program Files\Docker\Docker\resources\bin;C:\Program Files\dotnet\;C:\Users\jocopernicus\AppData\Local\Microsoft\WindowsApps;C:\Program Files\devtools\Nmap;C:\Program Files\Docker Toolbox;C:\Program Files\JetBrains\IntelliJ IDEA 2019.3.4\bin;;C:\Program Files\JetBrains\PyCharm 2020.2.3\bin;;C:\Windows\SysWow64\;C:\Users\jocopernicus\AppData\Roaming\npm;C:\Users\jocopernicus\AppData\Local\Programs\Microsoft VS Code\bin
USERNAME=jocopernicus
OS=Windows_NT
PROCESSOR_IDENTIFIER=Intel64 Family 6 Model 94 Stepping 3, GenuineIntel
TMP=C:\Users\JOCOPE~1\AppData\Local\Temp
TEMP=C:\Users\JOCOPE~1\AppData\Local\Temp




Periodic native trim disabled

---------------  S Y S T E M  ---------------

OS:
 Windows 10 , 64 bit Build 19041 (10.0.19041.5915)
OS uptime: 1 days 11:49 hours
Hyper-V role detected

CPU: total 8 (initial active 8) (4 cores per cpu, 2 threads per core) family 6 model 94 stepping 3 microcode 0xcc, cx8, cmov, fxsr, ht, mmx, 3dnowpref, sse, sse2, sse3, ssse3, sse4.1, sse4.2, popcnt, lzcnt, tsc, tscinvbit, avx, avx2, aes, erms, clmul, bmi1, bmi2, rtm, adx, fma, vzeroupper, clflush, clflushopt, hv, rdtscp, f16c
Processor Information for the first 8 processors :
  Max Mhz: 2601, Current Mhz: 2600, Mhz Limit: 2574

Memory: 4k page, system-wide physical 16211M (357M free)
TotalPageFile size 40715M (AvailPageFile size 5M)
current process WorkingSet (physical memory assigned to process): 24M, peak: 24M
current process commit charge ("private bytes"): 214M, peak: 215M

vm_info: OpenJDK 64-Bit Server VM (21.0.8+9-LTS) for windows-amd64 JRE (21.0.8+9-LTS), built on 2025-07-15T00:00:00Z by "admin" with MS VC++ 17.7 (VS2022)

END.
