#
# There is insufficient memory for the Java Runtime Environment to continue.
# Native memory allocation (malloc) failed to allocate 220368 bytes. Error detail: Chunk::new
# Possible reasons:
#   The system is out of physical RAM or swap space
#   This process is running with CompressedOops enabled, and the Java Heap may be blocking the growth of the native heap
# Possible solutions:
#   Reduce memory load on the system
#   Increase physical memory or swap space
#   Check if swap backing store is full
#   Decrease Java heap size (-Xmx/-Xms)
#   Decrease number of Java threads
#   Decrease Java thread stack sizes (-Xss)
#   Set larger code cache with -XX:ReservedCodeCacheSize=
#   JVM is running with Unscaled Compressed Oops mode in which the Java heap is
#     placed in the first 4GB address space. The Java Heap base address is the
#     maximum limit for the native heap growth. Please use -XX:HeapBaseMinAddress
#     to set the Java Heap base and to place the Java Heap above 4GB virtual address.
# This output file may be truncated or incomplete.
#
#  Out of Memory Error (arena.cpp:168), pid=24272, tid=32556
#
# JRE version: OpenJDK Runtime Environment Temurin-21.0.8+9 (21.0.8+9) (build 21.0.8+9-LTS)
# Java VM: OpenJDK 64-Bit Server VM Temurin-21.0.8+9 (21.0.8+9-LTS, mixed mode, sharing, tiered, compressed oops, compressed class ptrs, parallel gc, windows-amd64)
# No core dump will be written. Minidumps are not enabled by default on client versions of Windows
#

---------------  S U M M A R Y ------------

Command Line: --add-modules=ALL-SYSTEM --add-opens=java.base/java.util=ALL-UNNAMED --add-opens=java.base/java.lang=ALL-UNNAMED --add-opens=java.base/sun.nio.fs=ALL-UNNAMED -Declipse.application=org.eclipse.jdt.ls.core.id1 -Dosgi.bundles.defaultStartLevel=4 -Declipse.product=org.eclipse.jdt.ls.core.product -Djava.import.generatesMetadataFilesAtProjectRoot=false -DDetectVMInstallationsJob.disabled=true -Dfile.encoding=utf8 -XX:+UseParallelGC -XX:GCTimeRatio=4 -XX:AdaptiveSizePolicyWeight=90 -Dsun.zip.disableMemoryMapping=true -Xmx2G -Xms100m -Xlog:disable -javaagent:c:\Users\jocopernicus\.vscode\extensions\redhat.java-1.44.0-win32-x64\lombok\lombok-1.18.39-4050.jar c:\Users\jocopernicus\.vscode\extensions\redhat.java-1.44.0-win32-x64\server\plugins\org.eclipse.equinox.launcher_1.7.0.v20250519-0528.jar -configuration c:\Users\jocopernicus\AppData\Roaming\Code\User\globalStorage\redhat.java\1.44.0\config_ss_win -data c:\Users\jocopernicus\AppData\Roaming\Code\User\workspaceStorage\afa8120808d8d8979d47500c416289e5\redhat.java\ss_ws --pipe=\\.\pipe\lsp-47985d951742ac61c05f367aa876bced-sock

Host: Intel(R) Core(TM) i7-6700HQ CPU @ 2.60GHz, 8 cores, 15G,  Windows 10 , 64 bit Build 19041 (10.0.19041.5915)
Time: Mon Aug 11 23:55:05 2025 W. Europe Daylight Time elapsed time: 5.240727 seconds (0d 0h 0m 5s)

---------------  T H R E A D  ---------------

Current thread (0x000001d5540ea5c0):  JavaThread "C2 CompilerThread1" daemon [_thread_in_native, id=32556, stack(0x000000861e100000,0x000000861e200000) (1024K)]


Current CompileTask:
C2:5240 4061       4       jdk.internal.jimage.ImageReader$SharedImageReader::makeDirectories (54 bytes)

Stack: [0x000000861e100000,0x000000861e200000]
Native frames: (J=compiled Java code, j=interpreted, Vv=VM code, C=native code)
V  [jvm.dll+0x6d2449]
V  [jvm.dll+0x8ae341]
V  [jvm.dll+0x8b08be]
V  [jvm.dll+0x8b0fa3]
V  [jvm.dll+0x280c96]
V  [jvm.dll+0xc581d]
V  [jvm.dll+0xc5d53]
V  [jvm.dll+0x13fc9f]
V  [jvm.dll+0x661835]
V  [jvm.dll+0x65fd8e]
V  [jvm.dll+0x248d55]
V  [jvm.dll+0x2484af]
V  [jvm.dll+0x1c89ee]
V  [jvm.dll+0x257d4d]
V  [jvm.dll+0x2562ea]
V  [jvm.dll+0x3f2d16]
V  [jvm.dll+0x857e6b]
V  [jvm.dll+0x6d0b0d]
C  [ucrtbase.dll+0x21bb2]
C  [KERNEL32.DLL+0x17374]
C  [ntdll.dll+0x4cc91]


---------------  P R O C E S S  ---------------

Threads class SMR info:
_java_thread_list=0x000001d55518de70, length=34, elements={
0x000001d5702c9e00, 0x000001d579f6b580, 0x000001d579f6d6c0, 0x000001d579f6f350,
0x000001d579f72070, 0x000001d579f75070, 0x000001d579f75ac0, 0x000001d579f7ba20,
0x000001d579f7d330, 0x000001d5540d7550, 0x000001d5540ea5c0, 0x000001d5543107e0,
0x000001d554d740b0, 0x000001d554716f60, 0x000001d5547175c0, 0x000001d554e08ea0,
0x000001d554b76800, 0x000001d554ab9bc0, 0x000001d5550690b0, 0x000001d555132f40,
0x000001d5551328b0, 0x000001d5551335d0, 0x000001d555130e70, 0x000001d555133c60,
0x000001d5551342f0, 0x000001d555132220, 0x000001d555131500, 0x000001d555131b90,
0x000001d556cce580, 0x000001d556cd3ad0, 0x000001d556cd2090, 0x000001d556ccffc0,
0x000001d556cd1a00, 0x000001d556cd2db0
}

Java Threads: ( => current thread )
  0x000001d5702c9e00 JavaThread "main"                              [_thread_blocked, id=26708, stack(0x000000861d400000,0x000000861d500000) (1024K)]
  0x000001d579f6b580 JavaThread "Reference Handler"          daemon [_thread_blocked, id=22772, stack(0x000000861d800000,0x000000861d900000) (1024K)]
  0x000001d579f6d6c0 JavaThread "Finalizer"                  daemon [_thread_blocked, id=14028, stack(0x000000861d900000,0x000000861da00000) (1024K)]
  0x000001d579f6f350 JavaThread "Signal Dispatcher"          daemon [_thread_blocked, id=17716, stack(0x000000861da00000,0x000000861db00000) (1024K)]
  0x000001d579f72070 JavaThread "Attach Listener"            daemon [_thread_blocked, id=23000, stack(0x000000861db00000,0x000000861dc00000) (1024K)]
  0x000001d579f75070 JavaThread "Service Thread"             daemon [_thread_blocked, id=30820, stack(0x000000861dc00000,0x000000861dd00000) (1024K)]
  0x000001d579f75ac0 JavaThread "Monitor Deflation Thread"   daemon [_thread_blocked, id=29804, stack(0x000000861dd00000,0x000000861de00000) (1024K)]
  0x000001d579f7ba20 JavaThread "C2 CompilerThread0"         daemon [_thread_in_native, id=14752, stack(0x000000861de00000,0x000000861df00000) (1024K)]
  0x000001d579f7d330 JavaThread "C1 CompilerThread0"         daemon [_thread_blocked, id=15756, stack(0x000000861df00000,0x000000861e000000) (1024K)]
  0x000001d5540d7550 JavaThread "Common-Cleaner"             daemon [_thread_blocked, id=14124, stack(0x000000861e000000,0x000000861e100000) (1024K)]
=>0x000001d5540ea5c0 JavaThread "C2 CompilerThread1"         daemon [_thread_in_native, id=32556, stack(0x000000861e100000,0x000000861e200000) (1024K)]
  0x000001d5543107e0 JavaThread "Notification Thread"        daemon [_thread_blocked, id=20968, stack(0x000000861e200000,0x000000861e300000) (1024K)]
  0x000001d554d740b0 JavaThread "Active Thread: Equinox Container: 7bac55c5-a8e0-403e-bff9-70996ad5a945"        [_thread_blocked, id=25528, stack(0x000000861e900000,0x000000861ea00000) (1024K)]
  0x000001d554716f60 JavaThread "Framework Event Dispatcher: Equinox Container: 7bac55c5-a8e0-403e-bff9-70996ad5a945" daemon [_thread_blocked, id=31912, stack(0x000000861ea00000,0x000000861eb00000) (1024K)]
  0x000001d5547175c0 JavaThread "Start Level: Equinox Container: 7bac55c5-a8e0-403e-bff9-70996ad5a945" daemon [_thread_blocked, id=23148, stack(0x000000861eb00000,0x000000861ec00000) (1024K)]
  0x000001d554e08ea0 JavaThread "SCR Component Actor"        daemon [_thread_blocked, id=24632, stack(0x000000861ed00000,0x000000861ee00000) (1024K)]
  0x000001d554b76800 JavaThread "SCR Component Registry"     daemon [_thread_blocked, id=21268, stack(0x000000861ee00000,0x000000861ef00000) (1024K)]
  0x000001d554ab9bc0 JavaThread "Worker-JM"                         [_thread_blocked, id=26800, stack(0x000000861ef00000,0x000000861f000000) (1024K)]
  0x000001d5550690b0 JavaThread "JNA Cleaner"                daemon [_thread_blocked, id=19196, stack(0x000000861f000000,0x000000861f100000) (1024K)]
  0x000001d555132f40 JavaThread "Worker-0"                          [_thread_blocked, id=6580, stack(0x000000861f100000,0x000000861f200000) (1024K)]
  0x000001d5551328b0 JavaThread "Worker-1"                          [_thread_blocked, id=23580, stack(0x000000861f200000,0x000000861f300000) (1024K)]
  0x000001d5551335d0 JavaThread "Thread-2"                   daemon [_thread_in_native, id=12632, stack(0x000000861f300000,0x000000861f400000) (1024K)]
  0x000001d555130e70 JavaThread "Thread-3"                   daemon [_thread_in_native, id=26376, stack(0x000000861f400000,0x000000861f500000) (1024K)]
  0x000001d555133c60 JavaThread "Thread-4"                   daemon [_thread_in_native, id=20856, stack(0x000000861f500000,0x000000861f600000) (1024K)]
  0x000001d5551342f0 JavaThread "Thread-5"                   daemon [_thread_in_native, id=17964, stack(0x000000861f600000,0x000000861f700000) (1024K)]
  0x000001d555132220 JavaThread "Thread-6"                   daemon [_thread_in_native, id=29148, stack(0x000000861f700000,0x000000861f800000) (1024K)]
  0x000001d555131500 JavaThread "Thread-7"                   daemon [_thread_in_native, id=21404, stack(0x000000861f800000,0x000000861f900000) (1024K)]
  0x000001d555131b90 JavaThread "Thread-8"                   daemon [_thread_in_native, id=26964, stack(0x000000861f900000,0x000000861fa00000) (1024K)]
  0x000001d556cce580 JavaThread "Thread-9"                   daemon [_thread_in_native, id=18396, stack(0x000000861fa00000,0x000000861fb00000) (1024K)]
  0x000001d556cd3ad0 JavaThread "Thread-10"                  daemon [_thread_in_native, id=32116, stack(0x000000861fb00000,0x000000861fc00000) (1024K)]
  0x000001d556cd2090 JavaThread "pool-2-thread-1"                   [_thread_blocked, id=23168, stack(0x000000861fc00000,0x000000861fd00000) (1024K)]
  0x000001d556ccffc0 JavaThread "Worker-2"                          [_thread_blocked, id=20728, stack(0x000000861fd00000,0x000000861fe00000) (1024K)]
  0x000001d556cd1a00 JavaThread "WorkspaceEventsHandler"            [_thread_blocked, id=8448, stack(0x000000861fe00000,0x000000861ff00000) (1024K)]
  0x000001d556cd2db0 JavaThread "pool-1-thread-1"                   [_thread_in_Java, id=24116, stack(0x000000861ff00000,0x0000008620000000) (1024K)]
Total: 34

Other Threads:
  0x000001d579f528c0 VMThread "VM Thread"                           [id=23008, stack(0x000000861d700000,0x000000861d800000) (1024K)]
  0x000001d5725764a0 WatcherThread "VM Periodic Task Thread"        [id=28796, stack(0x000000861d600000,0x000000861d700000) (1024K)]
  0x000001d5725285c0 WorkerThread "GC Thread#0"                     [id=32100, stack(0x000000861d500000,0x000000861d600000) (1024K)]
  0x000001d5545f2370 WorkerThread "GC Thread#1"                     [id=20084, stack(0x000000861e300000,0x000000861e400000) (1024K)]
  0x000001d554c0b7a0 WorkerThread "GC Thread#2"                     [id=18132, stack(0x000000861e400000,0x000000861e500000) (1024K)]
  0x000001d554e4a220 WorkerThread "GC Thread#3"                     [id=21212, stack(0x000000861e500000,0x000000861e600000) (1024K)]
  0x000001d554e4a5c0 WorkerThread "GC Thread#4"                     [id=31216, stack(0x000000861e600000,0x000000861e700000) (1024K)]
  0x000001d554e4a960 WorkerThread "GC Thread#5"                     [id=17216, stack(0x000000861e700000,0x000000861e800000) (1024K)]
  0x000001d55434a9f0 WorkerThread "GC Thread#6"                     [id=15956, stack(0x000000861e800000,0x000000861e900000) (1024K)]
  0x000001d554b1c620 WorkerThread "GC Thread#7"                     [id=28816, stack(0x000000861ec00000,0x000000861ed00000) (1024K)]
Total: 10

Threads with active compile tasks:
C2 CompilerThread0  5301 4055       4       jdk.internal.jimage.ImageLocation::getFullName (109 bytes)
C2 CompilerThread1  5301 4061       4       jdk.internal.jimage.ImageReader$SharedImageReader::makeDirectories (54 bytes)
Total: 2

VM state: not at safepoint (normal execution)

VM Mutex/Monitor currently owned by a thread: None

Heap address: 0x0000000080000000, size: 2048 MB, Compressed Oops mode: 32-bit

CDS archive(s) mapped at: [0x000001d50f000000-0x000001d50fba0000-0x000001d50fba0000), size 12189696, SharedBaseAddress: 0x000001d50f000000, ArchiveRelocationMode: 1.
Compressed class space mapped at: 0x000001d510000000-0x000001d550000000, reserved size: 1073741824
Narrow klass base: 0x000001d50f000000, Narrow klass shift: 0, Narrow klass range: 0x100000000

GC Precious Log:
 CardTable entry size: 512
 CPUs: 8 total, 8 available
 Memory: 16211M
 Large Page Support: Disabled
 NUMA Support: Disabled
 Compressed Oops: Enabled (32-bit)
 Alignments: Space 512K, Generation 512K, Heap 2M
 Heap Min Capacity: 100M
 Heap Initial Capacity: 100M
 Heap Max Capacity: 2G
 Pre-touch: Disabled
 Parallel Workers: 8

Heap:
 PSYoungGen      total 25088K, used 9813K [0x00000000d5580000, 0x00000000d7200000, 0x0000000100000000)
  eden space 22528K, 32% used [0x00000000d5580000,0x00000000d5c993d8,0x00000000d6b80000)
  from space 2560K, 99% used [0x00000000d6d00000,0x00000000d6f7c420,0x00000000d6f80000)
  to   space 2560K, 0% used [0x00000000d6f80000,0x00000000d6f80000,0x00000000d7200000)
 ParOldGen       total 68608K, used 16147K [0x0000000080000000, 0x0000000084300000, 0x00000000d5580000)
  object space 68608K, 23% used [0x0000000080000000,0x0000000080fc4c80,0x0000000084300000)
 Metaspace       used 32071K, committed 33024K, reserved 1114112K
  class space    used 3239K, committed 3648K, reserved 1048576K

Card table byte_map: [0x000001d571eb0000,0x000001d5722c0000] _byte_map_base: 0x000001d571ab0000

Marking Bits: (ParMarkBitMap*) 0x00007ffa1e65a340
 Begin Bits: [0x000001d5759b0000, 0x000001d5779b0000)
 End Bits:   [0x000001d5779b0000, 0x000001d5799b0000)

Polling page: 0x000001d5703d0000

Metaspace:

Usage:
  Non-class:     28.16 MB used.
      Class:      3.16 MB used.
       Both:     31.32 MB used.

Virtual space:
  Non-class space:       64.00 MB reserved,      28.69 MB ( 45%) committed,  1 nodes.
      Class space:        1.00 GB reserved,       3.56 MB ( <1%) committed,  1 nodes.
             Both:        1.06 GB reserved,      32.25 MB (  3%) committed. 

Chunk freelists:
   Non-Class:  3.36 MB
       Class:  12.41 MB
        Both:  15.77 MB

MaxMetaspaceSize: unlimited
CompressedClassSpaceSize: 1.00 GB
Initial GC threshold: 21.00 MB
Current GC threshold: 35.00 MB
CDS: on
 - commit_granule_bytes: 65536.
 - commit_granule_words: 8192.
 - virtual_space_node_default_size: 8388608.
 - enlarge_chunks_in_place: 1.
 - use_allocation_guard: 0.


Internal statistics:

num_allocs_failed_limit: 3.
num_arena_births: 654.
num_arena_deaths: 14.
num_vsnodes_births: 2.
num_vsnodes_deaths: 0.
num_space_committed: 516.
num_space_uncommitted: 0.
num_chunks_returned_to_freelist: 17.
num_chunks_taken_from_freelist: 1906.
num_chunk_merges: 9.
num_chunk_splits: 1245.
num_chunks_enlarged: 798.
num_inconsistent_stats: 0.

CodeHeap 'non-profiled nmethods': size=120000Kb used=1843Kb max_used=1843Kb free=118156Kb
 bounds [0x000001d507ad0000, 0x000001d507d40000, 0x000001d50f000000]
CodeHeap 'profiled nmethods': size=120000Kb used=8049Kb max_used=8049Kb free=111951Kb
 bounds [0x000001d500000000, 0x000001d5007e0000, 0x000001d507530000]
CodeHeap 'non-nmethods': size=5760Kb used=1356Kb max_used=1406Kb free=4403Kb
 bounds [0x000001d507530000, 0x000001d5077a0000, 0x000001d507ad0000]
CodeCache: size=245760Kb, used=11248Kb, max_used=11298Kb, free=234510Kb
 total_blobs=4747, nmethods=4095, adapters=558, full_count=0
Compilation: enabled, stopped_count=0, restarted_count=0

Compilation events (20 events):
Event: 5.222 Thread 0x000001d579f7d330 nmethod 4089 0x000001d5007d0590 code [0x000001d5007d0740, 0x000001d5007d08a8]
Event: 5.222 Thread 0x000001d579f7d330 4090       3       java.util.KeyValueHolder::<init> (21 bytes)
Event: 5.222 Thread 0x000001d579f7d330 nmethod 4090 0x000001d5007d0990 code [0x000001d5007d0b80, 0x000001d5007d0fc8]
Event: 5.223 Thread 0x000001d579f7d330 4093       3       java.util.Arrays::compare (109 bytes)
Event: 5.223 Thread 0x000001d579f7d330 nmethod 4093 0x000001d5007d1190 code [0x000001d5007d13a0, 0x000001d5007d1a10]
Event: 5.224 Thread 0x000001d579f7d330 4092       3       org.eclipse.jdt.internal.core.JarPackageFragmentRoot$$Lambda/0x000001d510388460::compare (18 bytes)
Event: 5.224 Thread 0x000001d579f7d330 nmethod 4092 0x000001d5007d1c10 code [0x000001d5007d1dc0, 0x000001d5007d20e0]
Event: 5.224 Thread 0x000001d579f7d330 4094       1       org.eclipse.jdt.internal.core.JavaElement::getJavaProject (5 bytes)
Event: 5.224 Thread 0x000001d579f7d330 nmethod 4094 0x000001d507c9c490 code [0x000001d507c9c620, 0x000001d507c9c6e8]
Event: 5.224 Thread 0x000001d579f7d330 4095       1       org.eclipse.jdt.internal.core.JarPackageFragment::internalIsValidPackageName (2 bytes)
Event: 5.225 Thread 0x000001d579f7d330 nmethod 4095 0x000001d507c9c790 code [0x000001d507c9c920, 0x000001d507c9c9e8]
Event: 5.225 Thread 0x000001d579f7d330 4085       1       org.eclipse.jdt.internal.core.JarPackageFragmentRootInfo$PackageContent::resources (5 bytes)
Event: 5.225 Thread 0x000001d579f7d330 nmethod 4085 0x000001d507c9ca90 code [0x000001d507c9cc20, 0x000001d507c9cce8]
Event: 5.225 Thread 0x000001d579f7d330 4091       3       java.lang.reflect.Array::newInstance (6 bytes)
Event: 5.225 Thread 0x000001d579f7d330 nmethod 4091 0x000001d5007d2210 code [0x000001d5007d23c0, 0x000001d5007d24d8]
Event: 5.237 Thread 0x000001d579f7d330 4096       3       org.eclipse.core.runtime.Assert::isLegal (15 bytes)
Event: 5.237 Thread 0x000001d579f7d330 nmethod 4096 0x000001d5007d2590 code [0x000001d5007d2740, 0x000001d5007d2928]
Event: 5.238 Thread 0x000001d579f7d330 4097       3       org.eclipse.core.runtime.Path::hashCode (28 bytes)
Event: 5.238 Thread 0x000001d579f7d330 nmethod 4097 0x000001d5007d2a10 code [0x000001d5007d2bc0, 0x000001d5007d2d68]
Event: 5.238 Thread 0x000001d579f7d330 4098       3       org.eclipse.core.internal.resources.Project::checkAccessible (42 bytes)

GC Heap History (20 events):
Event: 1.954 GC heap before
{Heap before GC invocations=2 (full 0):
 PSYoungGen      total 29696K, used 28918K [0x00000000d5580000, 0x00000000d7680000, 0x0000000100000000)
  eden space 25600K, 100% used [0x00000000d5580000,0x00000000d6e80000,0x00000000d6e80000)
  from space 4096K, 81% used [0x00000000d6e80000,0x00000000d71bdbc8,0x00000000d7280000)
  to   space 4096K, 0% used [0x00000000d7280000,0x00000000d7280000,0x00000000d7680000)
 ParOldGen       total 68608K, used 16K [0x0000000080000000, 0x0000000084300000, 0x00000000d5580000)
  object space 68608K, 0% used [0x0000000080000000,0x0000000080004000,0x0000000084300000)
 Metaspace       used 8126K, committed 8384K, reserved 1114112K
  class space    used 862K, committed 960K, reserved 1048576K
}
Event: 1.959 GC heap after
{Heap after GC invocations=2 (full 0):
 PSYoungGen      total 29696K, used 4069K [0x00000000d5580000, 0x00000000d7680000, 0x0000000100000000)
  eden space 25600K, 0% used [0x00000000d5580000,0x00000000d5580000,0x00000000d6e80000)
  from space 4096K, 99% used [0x00000000d7280000,0x00000000d7679520,0x00000000d7680000)
  to   space 4096K, 0% used [0x00000000d6e80000,0x00000000d6e80000,0x00000000d7280000)
 ParOldGen       total 68608K, used 929K [0x0000000080000000, 0x0000000084300000, 0x00000000d5580000)
  object space 68608K, 1% used [0x0000000080000000,0x00000000800e86d8,0x0000000084300000)
 Metaspace       used 8126K, committed 8384K, reserved 1114112K
  class space    used 862K, committed 960K, reserved 1048576K
}
Event: 2.623 GC heap before
{Heap before GC invocations=3 (full 0):
 PSYoungGen      total 29696K, used 29669K [0x00000000d5580000, 0x00000000d7680000, 0x0000000100000000)
  eden space 25600K, 100% used [0x00000000d5580000,0x00000000d6e80000,0x00000000d6e80000)
  from space 4096K, 99% used [0x00000000d7280000,0x00000000d7679520,0x00000000d7680000)
  to   space 4096K, 0% used [0x00000000d6e80000,0x00000000d6e80000,0x00000000d7280000)
 ParOldGen       total 68608K, used 929K [0x0000000080000000, 0x0000000084300000, 0x00000000d5580000)
  object space 68608K, 1% used [0x0000000080000000,0x00000000800e86d8,0x0000000084300000)
 Metaspace       used 12935K, committed 13440K, reserved 1114112K
  class space    used 1367K, committed 1600K, reserved 1048576K
}
Event: 2.628 GC heap after
{Heap after GC invocations=3 (full 0):
 PSYoungGen      total 29696K, used 4095K [0x00000000d5580000, 0x00000000d7680000, 0x0000000100000000)
  eden space 25600K, 0% used [0x00000000d5580000,0x00000000d5580000,0x00000000d6e80000)
  from space 4096K, 99% used [0x00000000d6e80000,0x00000000d727fc68,0x00000000d7280000)
  to   space 4096K, 0% used [0x00000000d7280000,0x00000000d7280000,0x00000000d7680000)
 ParOldGen       total 68608K, used 2704K [0x0000000080000000, 0x0000000084300000, 0x00000000d5580000)
  object space 68608K, 3% used [0x0000000080000000,0x00000000802a4340,0x0000000084300000)
 Metaspace       used 12935K, committed 13440K, reserved 1114112K
  class space    used 1367K, committed 1600K, reserved 1048576K
}
Event: 3.203 GC heap before
{Heap before GC invocations=4 (full 0):
 PSYoungGen      total 29696K, used 29695K [0x00000000d5580000, 0x00000000d7680000, 0x0000000100000000)
  eden space 25600K, 100% used [0x00000000d5580000,0x00000000d6e80000,0x00000000d6e80000)
  from space 4096K, 99% used [0x00000000d6e80000,0x00000000d727fc68,0x00000000d7280000)
  to   space 4096K, 0% used [0x00000000d7280000,0x00000000d7280000,0x00000000d7680000)
 ParOldGen       total 68608K, used 2704K [0x0000000080000000, 0x0000000084300000, 0x00000000d5580000)
  object space 68608K, 3% used [0x0000000080000000,0x00000000802a4340,0x0000000084300000)
 Metaspace       used 17154K, committed 17856K, reserved 1114112K
  class space    used 1799K, committed 2112K, reserved 1048576K
}
Event: 3.206 GC heap after
{Heap after GC invocations=4 (full 0):
 PSYoungGen      total 29696K, used 4083K [0x00000000d5580000, 0x00000000d7680000, 0x0000000100000000)
  eden space 25600K, 0% used [0x00000000d5580000,0x00000000d5580000,0x00000000d6e80000)
  from space 4096K, 99% used [0x00000000d7280000,0x00000000d767cdb8,0x00000000d7680000)
  to   space 4096K, 0% used [0x00000000d6e80000,0x00000000d6e80000,0x00000000d7280000)
 ParOldGen       total 68608K, used 4372K [0x0000000080000000, 0x0000000084300000, 0x00000000d5580000)
  object space 68608K, 6% used [0x0000000080000000,0x00000000804451f8,0x0000000084300000)
 Metaspace       used 17154K, committed 17856K, reserved 1114112K
  class space    used 1799K, committed 2112K, reserved 1048576K
}
Event: 3.479 GC heap before
{Heap before GC invocations=5 (full 0):
 PSYoungGen      total 29696K, used 29683K [0x00000000d5580000, 0x00000000d7680000, 0x0000000100000000)
  eden space 25600K, 100% used [0x00000000d5580000,0x00000000d6e80000,0x00000000d6e80000)
  from space 4096K, 99% used [0x00000000d7280000,0x00000000d767cdb8,0x00000000d7680000)
  to   space 4096K, 0% used [0x00000000d6e80000,0x00000000d6e80000,0x00000000d7280000)
 ParOldGen       total 68608K, used 4372K [0x0000000080000000, 0x0000000084300000, 0x00000000d5580000)
  object space 68608K, 6% used [0x0000000080000000,0x00000000804451f8,0x0000000084300000)
 Metaspace       used 20373K, committed 20992K, reserved 1114112K
  class space    used 2020K, committed 2304K, reserved 1048576K
}
Event: 3.483 GC heap after
{Heap after GC invocations=5 (full 0):
 PSYoungGen      total 29184K, used 4067K [0x00000000d5580000, 0x00000000d7800000, 0x0000000100000000)
  eden space 25088K, 0% used [0x00000000d5580000,0x00000000d5580000,0x00000000d6e00000)
  from space 4096K, 99% used [0x00000000d6e80000,0x00000000d7278dc8,0x00000000d7280000)
  to   space 5120K, 0% used [0x00000000d7300000,0x00000000d7300000,0x00000000d7800000)
 ParOldGen       total 68608K, used 4600K [0x0000000080000000, 0x0000000084300000, 0x00000000d5580000)
  object space 68608K, 6% used [0x0000000080000000,0x000000008047e2a0,0x0000000084300000)
 Metaspace       used 20373K, committed 20992K, reserved 1114112K
  class space    used 2020K, committed 2304K, reserved 1048576K
}
Event: 3.512 GC heap before
{Heap before GC invocations=6 (full 0):
 PSYoungGen      total 29184K, used 9325K [0x00000000d5580000, 0x00000000d7800000, 0x0000000100000000)
  eden space 25088K, 20% used [0x00000000d5580000,0x00000000d5aa2820,0x00000000d6e00000)
  from space 4096K, 99% used [0x00000000d6e80000,0x00000000d7278dc8,0x00000000d7280000)
  to   space 5120K, 0% used [0x00000000d7300000,0x00000000d7300000,0x00000000d7800000)
 ParOldGen       total 68608K, used 4600K [0x0000000080000000, 0x0000000084300000, 0x00000000d5580000)
  object space 68608K, 6% used [0x0000000080000000,0x000000008047e2a0,0x0000000084300000)
 Metaspace       used 20850K, committed 21504K, reserved 1114112K
  class space    used 2041K, committed 2368K, reserved 1048576K
}
Event: 3.516 GC heap after
{Heap after GC invocations=6 (full 0):
 PSYoungGen      total 29696K, used 4476K [0x00000000d5580000, 0x00000000d7780000, 0x0000000100000000)
  eden space 25088K, 0% used [0x00000000d5580000,0x00000000d5580000,0x00000000d6e00000)
  from space 4608K, 97% used [0x00000000d7300000,0x00000000d775f3e8,0x00000000d7780000)
  to   space 4608K, 0% used [0x00000000d6e80000,0x00000000d6e80000,0x00000000d7300000)
 ParOldGen       total 68608K, used 4608K [0x0000000080000000, 0x0000000084300000, 0x00000000d5580000)
  object space 68608K, 6% used [0x0000000080000000,0x00000000804802a0,0x0000000084300000)
 Metaspace       used 20850K, committed 21504K, reserved 1114112K
  class space    used 2041K, committed 2368K, reserved 1048576K
}
Event: 3.516 GC heap before
{Heap before GC invocations=7 (full 1):
 PSYoungGen      total 29696K, used 4476K [0x00000000d5580000, 0x00000000d7780000, 0x0000000100000000)
  eden space 25088K, 0% used [0x00000000d5580000,0x00000000d5580000,0x00000000d6e00000)
  from space 4608K, 97% used [0x00000000d7300000,0x00000000d775f3e8,0x00000000d7780000)
  to   space 4608K, 0% used [0x00000000d6e80000,0x00000000d6e80000,0x00000000d7300000)
 ParOldGen       total 68608K, used 4608K [0x0000000080000000, 0x0000000084300000, 0x00000000d5580000)
  object space 68608K, 6% used [0x0000000080000000,0x00000000804802a0,0x0000000084300000)
 Metaspace       used 20850K, committed 21504K, reserved 1114112K
  class space    used 2041K, committed 2368K, reserved 1048576K
}
Event: 3.545 GC heap after
{Heap after GC invocations=7 (full 1):
 PSYoungGen      total 29696K, used 0K [0x00000000d5580000, 0x00000000d7780000, 0x0000000100000000)
  eden space 25088K, 0% used [0x00000000d5580000,0x00000000d5580000,0x00000000d6e00000)
  from space 4608K, 0% used [0x00000000d7300000,0x00000000d7300000,0x00000000d7780000)
  to   space 4608K, 0% used [0x00000000d6e80000,0x00000000d6e80000,0x00000000d7300000)
 ParOldGen       total 68608K, used 8700K [0x0000000080000000, 0x0000000084300000, 0x00000000d5580000)
  object space 68608K, 12% used [0x0000000080000000,0x000000008087f148,0x0000000084300000)
 Metaspace       used 20837K, committed 21504K, reserved 1114112K
  class space    used 2038K, committed 2368K, reserved 1048576K
}
Event: 3.867 GC heap before
{Heap before GC invocations=8 (full 1):
 PSYoungGen      total 29696K, used 25088K [0x00000000d5580000, 0x00000000d7780000, 0x0000000100000000)
  eden space 25088K, 100% used [0x00000000d5580000,0x00000000d6e00000,0x00000000d6e00000)
  from space 4608K, 0% used [0x00000000d7300000,0x00000000d7300000,0x00000000d7780000)
  to   space 4608K, 0% used [0x00000000d6e80000,0x00000000d6e80000,0x00000000d7300000)
 ParOldGen       total 68608K, used 8700K [0x0000000080000000, 0x0000000084300000, 0x00000000d5580000)
  object space 68608K, 12% used [0x0000000080000000,0x000000008087f148,0x0000000084300000)
 Metaspace       used 22968K, committed 23680K, reserved 1114112K
  class space    used 2223K, committed 2560K, reserved 1048576K
}
Event: 3.870 GC heap after
{Heap after GC invocations=8 (full 1):
 PSYoungGen      total 27136K, used 2387K [0x00000000d5580000, 0x00000000d7480000, 0x0000000100000000)
  eden space 24576K, 0% used [0x00000000d5580000,0x00000000d5580000,0x00000000d6d80000)
  from space 2560K, 93% used [0x00000000d6e80000,0x00000000d70d4cf0,0x00000000d7100000)
  to   space 3584K, 0% used [0x00000000d7100000,0x00000000d7100000,0x00000000d7480000)
 ParOldGen       total 68608K, used 8708K [0x0000000080000000, 0x0000000084300000, 0x00000000d5580000)
  object space 68608K, 12% used [0x0000000080000000,0x0000000080881148,0x0000000084300000)
 Metaspace       used 22968K, committed 23680K, reserved 1114112K
  class space    used 2223K, committed 2560K, reserved 1048576K
}
Event: 4.355 GC heap before
{Heap before GC invocations=9 (full 1):
 PSYoungGen      total 27136K, used 26963K [0x00000000d5580000, 0x00000000d7480000, 0x0000000100000000)
  eden space 24576K, 100% used [0x00000000d5580000,0x00000000d6d80000,0x00000000d6d80000)
  from space 2560K, 93% used [0x00000000d6e80000,0x00000000d70d4cf0,0x00000000d7100000)
  to   space 3584K, 0% used [0x00000000d7100000,0x00000000d7100000,0x00000000d7480000)
 ParOldGen       total 68608K, used 8708K [0x0000000080000000, 0x0000000084300000, 0x00000000d5580000)
  object space 68608K, 12% used [0x0000000080000000,0x0000000080881148,0x0000000084300000)
 Metaspace       used 26550K, committed 27392K, reserved 1114112K
  class space    used 2635K, committed 3008K, reserved 1048576K
}
Event: 4.358 GC heap after
{Heap after GC invocations=9 (full 1):
 PSYoungGen      total 27648K, used 3550K [0x00000000d5580000, 0x00000000d7500000, 0x0000000100000000)
  eden space 24064K, 0% used [0x00000000d5580000,0x00000000d5580000,0x00000000d6d00000)
  from space 3584K, 99% used [0x00000000d7100000,0x00000000d74778c8,0x00000000d7480000)
  to   space 4096K, 0% used [0x00000000d6d00000,0x00000000d6d00000,0x00000000d7100000)
 ParOldGen       total 68608K, used 9497K [0x0000000080000000, 0x0000000084300000, 0x00000000d5580000)
  object space 68608K, 13% used [0x0000000080000000,0x0000000080946658,0x0000000084300000)
 Metaspace       used 26550K, committed 27392K, reserved 1114112K
  class space    used 2635K, committed 3008K, reserved 1048576K
}
Event: 4.731 GC heap before
{Heap before GC invocations=10 (full 1):
 PSYoungGen      total 27648K, used 27614K [0x00000000d5580000, 0x00000000d7500000, 0x0000000100000000)
  eden space 24064K, 100% used [0x00000000d5580000,0x00000000d6d00000,0x00000000d6d00000)
  from space 3584K, 99% used [0x00000000d7100000,0x00000000d74778c8,0x00000000d7480000)
  to   space 4096K, 0% used [0x00000000d6d00000,0x00000000d6d00000,0x00000000d7100000)
 ParOldGen       total 68608K, used 9497K [0x0000000080000000, 0x0000000084300000, 0x00000000d5580000)
  object space 68608K, 13% used [0x0000000080000000,0x0000000080946658,0x0000000084300000)
 Metaspace       used 29474K, committed 30336K, reserved 1114112K
  class space    used 2963K, committed 3328K, reserved 1048576K
}
Event: 4.734 GC heap after
{Heap after GC invocations=10 (full 1):
 PSYoungGen      total 27648K, used 4088K [0x00000000d5580000, 0x00000000d7680000, 0x0000000100000000)
  eden space 23552K, 0% used [0x00000000d5580000,0x00000000d5580000,0x00000000d6c80000)
  from space 4096K, 99% used [0x00000000d6d00000,0x00000000d70fe358,0x00000000d7100000)
  to   space 5120K, 0% used [0x00000000d7180000,0x00000000d7180000,0x00000000d7680000)
 ParOldGen       total 68608K, used 10025K [0x0000000080000000, 0x0000000084300000, 0x00000000d5580000)
  object space 68608K, 14% used [0x0000000080000000,0x00000000809ca688,0x0000000084300000)
 Metaspace       used 29474K, committed 30336K, reserved 1114112K
  class space    used 2963K, committed 3328K, reserved 1048576K
}
Event: 5.162 GC heap before
{Heap before GC invocations=11 (full 1):
 PSYoungGen      total 27648K, used 27640K [0x00000000d5580000, 0x00000000d7680000, 0x0000000100000000)
  eden space 23552K, 100% used [0x00000000d5580000,0x00000000d6c80000,0x00000000d6c80000)
  from space 4096K, 99% used [0x00000000d6d00000,0x00000000d70fe358,0x00000000d7100000)
  to   space 5120K, 0% used [0x00000000d7180000,0x00000000d7180000,0x00000000d7680000)
 ParOldGen       total 68608K, used 10025K [0x0000000080000000, 0x0000000084300000, 0x00000000d5580000)
  object space 68608K, 14% used [0x0000000080000000,0x00000000809ca688,0x0000000084300000)
 Metaspace       used 31695K, committed 32640K, reserved 1114112K
  class space    used 3183K, committed 3584K, reserved 1048576K
}
Event: 5.166 GC heap after
{Heap after GC invocations=11 (full 1):
 PSYoungGen      total 26624K, used 3278K [0x00000000d5580000, 0x00000000d7500000, 0x0000000100000000)
  eden space 23040K, 0% used [0x00000000d5580000,0x00000000d5580000,0x00000000d6c00000)
  from space 3584K, 91% used [0x00000000d7180000,0x00000000d74b3b38,0x00000000d7500000)
  to   space 4096K, 0% used [0x00000000d6d00000,0x00000000d6d00000,0x00000000d7100000)
 ParOldGen       total 68608K, used 13040K [0x0000000080000000, 0x0000000084300000, 0x00000000d5580000)
  object space 68608K, 19% used [0x0000000080000000,0x0000000080cbc090,0x0000000084300000)
 Metaspace       used 31695K, committed 32640K, reserved 1114112K
  class space    used 3183K, committed 3584K, reserved 1048576K
}

Dll operation events (10 events):
Event: 0.016 Loaded shared library c:\Users\jocopernicus\.vscode\extensions\redhat.java-1.44.0-win32-x64\jre\21.0.8-win32-x86_64\bin\java.dll
Event: 0.128 Loaded shared library c:\Users\jocopernicus\.vscode\extensions\redhat.java-1.44.0-win32-x64\jre\21.0.8-win32-x86_64\bin\zip.dll
Event: 0.152 Loaded shared library C:\Users\jocopernicus\.vscode\extensions\redhat.java-1.44.0-win32-x64\jre\21.0.8-win32-x86_64\bin\instrument.dll
Event: 0.157 Loaded shared library C:\Users\jocopernicus\.vscode\extensions\redhat.java-1.44.0-win32-x64\jre\21.0.8-win32-x86_64\bin\net.dll
Event: 0.159 Loaded shared library C:\Users\jocopernicus\.vscode\extensions\redhat.java-1.44.0-win32-x64\jre\21.0.8-win32-x86_64\bin\nio.dll
Event: 0.163 Loaded shared library C:\Users\jocopernicus\.vscode\extensions\redhat.java-1.44.0-win32-x64\jre\21.0.8-win32-x86_64\bin\zip.dll
Event: 0.187 Loaded shared library C:\Users\jocopernicus\.vscode\extensions\redhat.java-1.44.0-win32-x64\jre\21.0.8-win32-x86_64\bin\jimage.dll
Event: 0.289 Loaded shared library c:\Users\jocopernicus\.vscode\extensions\redhat.java-1.44.0-win32-x64\jre\21.0.8-win32-x86_64\bin\verify.dll
Event: 1.929 Loaded shared library C:\Users\jocopernicus\AppData\Roaming\Code\User\globalStorage\redhat.java\1.44.0\config_ss_win\org.eclipse.equinox.launcher\org.eclipse.equinox.launcher.win32.win32.x86_64_1.2.1400.v20250730-1736\eclipse_11913.dll
Event: 3.003 Loaded shared library C:\Users\jocopernicus\AppData\Local\Temp\jna--1695831270\jna8266028068121295630.dll

Deoptimization events (20 events):
Event: 5.132 Thread 0x000001d556cd2db0 Uncommon trap: trap_request=0xffffff45 fr.pc=0x000001d507c8b620 relative=0x0000000000000400
Event: 5.132 Thread 0x000001d556cd2db0 Uncommon trap: reason=unstable_if action=reinterpret pc=0x000001d507c8b620 method=jdk.internal.jimage.ImageReader$SharedImageReader.findNode(Ljava/lang/String;)Ljdk/internal/jimage/ImageReader$Node; @ 25 c2
Event: 5.133 Thread 0x000001d556cd2db0 DEOPT PACKING pc=0x000001d507c8b620 sp=0x000000861fffcda0
Event: 5.133 Thread 0x000001d556cd2db0 DEOPT UNPACKING pc=0x000001d507583aa2 sp=0x000000861fffcd68 mode 2
Event: 5.133 Thread 0x000001d556cd2db0 Uncommon trap: trap_request=0xffffff45 fr.pc=0x000001d507c86c00 relative=0x00000000000001c0
Event: 5.133 Thread 0x000001d556cd2db0 Uncommon trap: reason=unstable_if action=reinterpret pc=0x000001d507c86c00 method=jdk.internal.jrtfs.JrtPath.normalize(Ljava/lang/String;)Ljava/lang/String; @ 78 c2
Event: 5.134 Thread 0x000001d556cd2db0 DEOPT PACKING pc=0x000001d507c86c00 sp=0x000000861fffd080
Event: 5.134 Thread 0x000001d556cd2db0 DEOPT UNPACKING pc=0x000001d507583aa2 sp=0x000000861fffd000 mode 2
Event: 5.215 Thread 0x000001d556cd2db0 Uncommon trap: trap_request=0xffffffc6 fr.pc=0x000001d507c9b600 relative=0x0000000000000560
Event: 5.215 Thread 0x000001d556cd2db0 Uncommon trap: reason=bimorphic_or_optimized_type_check action=maybe_recompile pc=0x000001d507c9b600 method=java.util.ArrayList.equalsRange(Ljava/util/List;II)Z @ 22 c2
Event: 5.215 Thread 0x000001d556cd2db0 DEOPT PACKING pc=0x000001d507c9b600 sp=0x000000861fffd2e0
Event: 5.215 Thread 0x000001d556cd2db0 DEOPT UNPACKING pc=0x000001d507583aa2 sp=0x000000861fffd270 mode 2
Event: 5.215 Thread 0x000001d556cd2db0 Uncommon trap: trap_request=0xffffff76 fr.pc=0x000001d507c9b504 relative=0x0000000000000464
Event: 5.215 Thread 0x000001d556cd2db0 Uncommon trap: reason=predicate action=maybe_recompile pc=0x000001d507c9b504 method=java.util.ArrayList.equalsRange(Ljava/util/List;II)Z @ 31 c2
Event: 5.215 Thread 0x000001d556cd2db0 DEOPT PACKING pc=0x000001d507c9b504 sp=0x000000861fffd2e0
Event: 5.215 Thread 0x000001d556cd2db0 DEOPT UNPACKING pc=0x000001d507583aa2 sp=0x000000861fffd268 mode 2
Event: 5.238 Thread 0x000001d556cd2db0 Uncommon trap: trap_request=0xffffffc6 fr.pc=0x000001d507c0b3ec relative=0x00000000000006ac
Event: 5.238 Thread 0x000001d556cd2db0 Uncommon trap: reason=bimorphic_or_optimized_type_check action=maybe_recompile pc=0x000001d507c0b3ec method=java.util.HashMap.putVal(ILjava/lang/Object;Ljava/lang/Object;ZZ)Ljava/lang/Object; @ 253 c2
Event: 5.238 Thread 0x000001d556cd2db0 DEOPT PACKING pc=0x000001d507c0b3ec sp=0x000000861fffd4a0
Event: 5.238 Thread 0x000001d556cd2db0 DEOPT UNPACKING pc=0x000001d507583aa2 sp=0x000000861fffd410 mode 2

Classes loaded (20 events):
Event: 5.044 Loading class java/nio/file/FileTreeWalker$EventType
Event: 5.044 Loading class java/nio/file/FileTreeWalker$EventType done
Event: 5.045 Loading class java/nio/file/Files$3
Event: 5.045 Loading class java/nio/file/Files$3 done
Event: 5.045 Loading class java/nio/file/FileVisitResult
Event: 5.045 Loading class java/nio/file/FileVisitResult done
Event: 5.118 Loading class java/lang/runtime/ObjectMethods
Event: 5.118 Loading class java/lang/runtime/ObjectMethods done
Event: 5.120 Loading class java/lang/invoke/MethodHandleImpl$Makers
Event: 5.120 Loading class java/lang/invoke/MethodHandleImpl$Makers done
Event: 5.120 Loading class java/lang/invoke/MethodHandleImpl$Makers$1
Event: 5.120 Loading class java/lang/invoke/MethodHandleImpl$Makers$1 done
Event: 5.120 Loading class java/lang/invoke/MethodHandleImpl$Makers$2
Event: 5.120 Loading class java/lang/invoke/MethodHandleImpl$Makers$2 done
Event: 5.120 Loading class java/lang/invoke/MethodHandleImpl$Makers$3
Event: 5.120 Loading class java/lang/invoke/MethodHandleImpl$Makers$3 done
Event: 5.123 Loading class java/lang/runtime/ObjectMethods$1
Event: 5.123 Loading class java/lang/runtime/ObjectMethods$1 done
Event: 5.234 Loading class java/util/AbstractList$ListItr
Event: 5.234 Loading class java/util/AbstractList$ListItr done

Classes unloaded (7 events):
Event: 3.520 Thread 0x000001d579f528c0 Unloading class 0x000001d51018d400 'java/lang/invoke/LambdaForm$MH+0x000001d51018d400'
Event: 3.520 Thread 0x000001d579f528c0 Unloading class 0x000001d51018d000 'java/lang/invoke/LambdaForm$MH+0x000001d51018d000'
Event: 3.520 Thread 0x000001d579f528c0 Unloading class 0x000001d51018cc00 'java/lang/invoke/LambdaForm$MH+0x000001d51018cc00'
Event: 3.520 Thread 0x000001d579f528c0 Unloading class 0x000001d51018c800 'java/lang/invoke/LambdaForm$MH+0x000001d51018c800'
Event: 3.520 Thread 0x000001d579f528c0 Unloading class 0x000001d51018c400 'java/lang/invoke/LambdaForm$BMH+0x000001d51018c400'
Event: 3.520 Thread 0x000001d579f528c0 Unloading class 0x000001d51018c000 'java/lang/invoke/LambdaForm$DMH+0x000001d51018c000'
Event: 3.520 Thread 0x000001d579f528c0 Unloading class 0x000001d51018ac00 'java/lang/invoke/LambdaForm$DMH+0x000001d51018ac00'

Classes redefined (0 events):
No events

Internal exceptions (20 events):
Event: 4.524 Thread 0x000001d5702c9e00 Exception <a 'java/lang/NoSuchMethodError'{0x00000000d5ff0b98}: 'void java.lang.invoke.DirectMethodHandle$Holder.invokeSpecial(java.lang.Object, java.lang.Object, java.lang.Object, java.lang.Object, java.lang.Object, java.lang.Object)'> (0x00000000d5ff0b98) 
thrown [s\src\hotspot\share\interpreter\linkResolver.cpp, line 773]
Event: 4.525 Thread 0x000001d5702c9e00 Exception <a 'java/lang/IncompatibleClassChangeError'{0x00000000d5ff8d18}: Found class java.lang.Object, but interface was expected> (0x00000000d5ff8d18) 
thrown [s\src\hotspot\share\interpreter\linkResolver.cpp, line 840]
Event: 4.525 Thread 0x000001d5702c9e00 Exception <a 'java/lang/IncompatibleClassChangeError'{0x00000000d5ffa9e0}: Found class java.lang.Object, but interface was expected> (0x00000000d5ffa9e0) 
thrown [s\src\hotspot\share\interpreter\linkResolver.cpp, line 840]
Event: 4.574 Thread 0x000001d5702c9e00 Exception <a 'java/lang/NoSuchMethodError'{0x00000000d61bccf0}: 'java.lang.Object java.lang.invoke.DirectMethodHandle$Holder.invokeStatic(java.lang.Object, int, java.lang.Object)'> (0x00000000d61bccf0) 
thrown [s\src\hotspot\share\interpreter\linkResolver.cpp, line 773]
Event: 4.696 Thread 0x000001d556cd2db0 Exception <a 'java/lang/NoSuchMethodError'{0x00000000d6716f30}: 'java.lang.Object java.lang.invoke.DirectMethodHandle$Holder.invokeInterface(java.lang.Object, java.lang.Object, java.lang.Object)'> (0x00000000d6716f30) 
thrown [s\src\hotspot\share\interpreter\linkResolver.cpp, line 773]
Event: 4.720 Thread 0x000001d556cd2db0 Exception <a 'java/io/FileNotFoundException'{0x00000000d67a30a8}> (0x00000000d67a30a8) 
thrown [s\src\hotspot\share\prims\jni.cpp, line 520]
Event: 4.765 Thread 0x000001d556cd2db0 Exception <a 'sun/nio/fs/WindowsException'{0x00000000d5684010}> (0x00000000d5684010) 
thrown [s\src\hotspot\share\prims\jni.cpp, line 520]
Event: 4.839 Thread 0x000001d556cd2db0 Exception <a 'java/lang/IncompatibleClassChangeError'{0x00000000d59fe4e8}: Found class java.lang.Object, but interface was expected> (0x00000000d59fe4e8) 
thrown [s\src\hotspot\share\interpreter\linkResolver.cpp, line 840]
Event: 4.963 Thread 0x000001d556cd2db0 Implicit null exception at 0x000001d507c26e91 to 0x000001d507c27118
Event: 4.963 Thread 0x000001d556cd2db0 Exception <a 'java/lang/NoSuchMethodError'{0x00000000d5e9fbe8}: 'long java.lang.invoke.DirectMethodHandle$Holder.invokeStatic(java.lang.Object, java.lang.Object, int)'> (0x00000000d5e9fbe8) 
thrown [s\src\hotspot\share\interpreter\linkResolver.cpp, line 773]
Event: 4.965 Thread 0x000001d556cd2db0 Exception <a 'java/lang/NoSuchMethodError'{0x00000000d5eaa1e8}: 'java.lang.Object java.lang.invoke.DelegatingMethodHandle$Holder.reinvoke_L(java.lang.Object, int, long, java.lang.Object, java.lang.Object, int, java.lang.Object)'> (0x00000000d5eaa1e8) 
thrown [s\src\hotspot\share\interpreter\linkResolver.cpp, line 773]
Event: 5.118 Thread 0x000001d556cd2db0 Exception <a 'java/lang/NoSuchMethodError'{0x00000000d663fc50}: 'java.lang.Object java.lang.invoke.DirectMethodHandle$Holder.invokeStaticInit(java.lang.Object, java.lang.Object, java.lang.Object, java.lang.Object, java.lang.Object, java.lang.Object, java.lang.Object)'> (0x00000000d663fc50) 
thrown [s\src\hotspot\share\interpreter\linkResolver.cpp, line 773]
Event: 5.119 Thread 0x000001d556cd2db0 Exception <a 'java/lang/NoSuchMethodError'{0x00000000d6644c08}: 'java.lang.Object java.lang.invoke.Invokers$Holder.invoke_MT(java.lang.Object, java.lang.Object, java.lang.Object, java.lang.Object, java.lang.Object, java.lang.Object, java.lang.Object, java.lang.Object, java.lang.Object, java.lang.Object)'> (0x00000000d6644c08) 
thrown [s\src\hotspot\share\interpreter\linkResolver.cpp, line 773]
Event: 5.123 Thread 0x000001d556cd2db0 Exception <a 'java/lang/NoSuchMethodError'{0x00000000d6684ae0}: 'int java.lang.invoke.DirectMethodHandle$Holder.invokeVirtual(java.lang.Object, java.lang.Object, java.lang.Object)'> (0x00000000d6684ae0) 
thrown [s\src\hotspot\share\interpreter\linkResolver.cpp, line 773]
Event: 5.123 Thread 0x000001d556cd2db0 Exception <a 'java/lang/NoSuchMethodError'{0x00000000d6688e88}: 'int java.lang.invoke.DirectMethodHandle$Holder.invokeStaticInit(java.lang.Object, int, int)'> (0x00000000d6688e88) 
thrown [s\src\hotspot\share\interpreter\linkResolver.cpp, line 773]
Event: 5.124 Thread 0x000001d556cd2db0 Exception <a 'java/lang/NoSuchMethodError'{0x00000000d6690870}: 'int java.lang.invoke.DirectMethodHandle$Holder.invokeStaticInit(java.lang.Object, long, long)'> (0x00000000d6690870) 
thrown [s\src\hotspot\share\interpreter\linkResolver.cpp, line 773]
Event: 5.124 Thread 0x000001d556cd2db0 Exception <a 'java/lang/NoSuchMethodError'{0x00000000d66975b8}: 'int java.lang.invoke.DirectMethodHandle$Holder.invokeStaticInit(java.lang.Object, float, float)'> (0x00000000d66975b8) 
thrown [s\src\hotspot\share\interpreter\linkResolver.cpp, line 773]
Event: 5.125 Thread 0x000001d556cd2db0 Exception <a 'java/lang/NoSuchMethodError'{0x00000000d669e2f8}: 'int java.lang.invoke.DirectMethodHandle$Holder.invokeStaticInit(java.lang.Object, double, double)'> (0x00000000d669e2f8) 
thrown [s\src\hotspot\share\interpreter\linkResolver.cpp, line 773]
Event: 5.125 Thread 0x000001d556cd2db0 Exception <a 'java/lang/NoSuchMethodError'{0x00000000d66a2b48}: 'int java.lang.invoke.DirectMethodHandle$Holder.invokeStatic(java.lang.Object, long)'> (0x00000000d66a2b48) 
thrown [s\src\hotspot\share\interpreter\linkResolver.cpp, line 773]
Event: 5.128 Thread 0x000001d556cd2db0 Exception <a 'java/lang/NoSuchMethodError'{0x00000000d66c1b40}: 'int java.lang.invoke.Invokers$Holder.linkToTargetMethod(java.lang.Object, java.lang.Object)'> (0x00000000d66c1b40) 
thrown [s\src\hotspot\share\interpreter\linkResolver.cpp, line 773]

ZGC Phase Switch (0 events):
No events

VM Operations (20 events):
Event: 3.963 Executing VM operation: HandshakeAllThreads (Deoptimize)
Event: 3.963 Executing VM operation: HandshakeAllThreads (Deoptimize) done
Event: 4.092 Executing VM operation: HandshakeAllThreads (Deoptimize)
Event: 4.092 Executing VM operation: HandshakeAllThreads (Deoptimize) done
Event: 4.355 Executing VM operation: ParallelGCFailedAllocation (Allocation Failure)
Event: 4.358 Executing VM operation: ParallelGCFailedAllocation (Allocation Failure) done
Event: 4.708 Executing VM operation: HandshakeAllThreads (Deoptimize)
Event: 4.709 Executing VM operation: HandshakeAllThreads (Deoptimize) done
Event: 4.730 Executing VM operation: ParallelGCFailedAllocation (Allocation Failure)
Event: 4.734 Executing VM operation: ParallelGCFailedAllocation (Allocation Failure) done
Event: 4.943 Executing VM operation: HandshakeAllThreads (Deoptimize)
Event: 4.943 Executing VM operation: HandshakeAllThreads (Deoptimize) done
Event: 4.951 Executing VM operation: HandshakeAllThreads (Deoptimize)
Event: 4.951 Executing VM operation: HandshakeAllThreads (Deoptimize) done
Event: 4.984 Executing VM operation: HandshakeAllThreads (Deoptimize)
Event: 4.984 Executing VM operation: HandshakeAllThreads (Deoptimize) done
Event: 4.985 Executing VM operation: HandshakeAllThreads (Deoptimize)
Event: 4.985 Executing VM operation: HandshakeAllThreads (Deoptimize) done
Event: 5.162 Executing VM operation: ParallelGCFailedAllocation (Allocation Failure)
Event: 5.166 Executing VM operation: ParallelGCFailedAllocation (Allocation Failure) done

Memory protections (0 events):
No events

Nmethod flushes (0 events):
No events

Events (20 events):
Event: 2.127 Thread 0x000001d5547175c0 Thread added: 0x000001d554b76800
Event: 2.519 Thread 0x000001d5547175c0 Thread added: 0x000001d554ab9bc0
Event: 3.039 Thread 0x000001d5547175c0 Thread added: 0x000001d5550690b0
Event: 3.079 Thread 0x000001d5547175c0 Thread added: 0x000001d555132f40
Event: 3.105 Thread 0x000001d5547175c0 Thread added: 0x000001d5551328b0
Event: 3.858 Thread 0x000001d5547175c0 Thread added: 0x000001d5551335d0
Event: 3.934 Thread 0x000001d5551335d0 Thread exited: 0x000001d5551335d0
Event: 4.246 Thread 0x000001d5702c9e00 Thread added: 0x000001d5551335d0
Event: 4.247 Thread 0x000001d5702c9e00 Thread added: 0x000001d555130e70
Event: 4.247 Thread 0x000001d5702c9e00 Thread added: 0x000001d555133c60
Event: 4.247 Thread 0x000001d5702c9e00 Thread added: 0x000001d5551342f0
Event: 4.247 Thread 0x000001d5702c9e00 Thread added: 0x000001d555132220
Event: 4.248 Thread 0x000001d5702c9e00 Thread added: 0x000001d555131500
Event: 4.248 Thread 0x000001d5702c9e00 Thread added: 0x000001d555131b90
Event: 4.248 Thread 0x000001d5702c9e00 Thread added: 0x000001d556cce580
Event: 4.248 Thread 0x000001d5702c9e00 Thread added: 0x000001d556cd3ad0
Event: 4.281 Thread 0x000001d5702c9e00 Thread added: 0x000001d556cd2090
Event: 4.436 Thread 0x000001d5551328b0 Thread added: 0x000001d556ccffc0
Event: 4.554 Thread 0x000001d5702c9e00 Thread added: 0x000001d556cd1a00
Event: 4.554 Thread 0x000001d5702c9e00 Thread added: 0x000001d556cd2db0


Dynamic libraries:
0x00007ff7d1420000 - 0x00007ff7d142e000 	c:\Users\jocopernicus\.vscode\extensions\redhat.java-1.44.0-win32-x64\jre\21.0.8-win32-x86_64\bin\java.exe
0x00007ffa77710000 - 0x00007ffa77908000 	C:\WINDOWS\SYSTEM32\ntdll.dll
0x00007ffa3ba30000 - 0x00007ffa3ba50000 	C:\Program Files\Avast Software\Avast\aswhook.dll
0x00007ffa76810000 - 0x00007ffa768d2000 	C:\WINDOWS\System32\KERNEL32.DLL
0x00007ffa74da0000 - 0x00007ffa75096000 	C:\WINDOWS\System32\KERNELBASE.dll
0x00007ffa750a0000 - 0x00007ffa751a0000 	C:\WINDOWS\System32\ucrtbase.dll
0x00007ffa6add0000 - 0x00007ffa6ade8000 	c:\Users\jocopernicus\.vscode\extensions\redhat.java-1.44.0-win32-x64\jre\21.0.8-win32-x86_64\bin\jli.dll
0x00007ffa77530000 - 0x00007ffa776cd000 	C:\WINDOWS\System32\USER32.dll
0x00007ffa5c8a0000 - 0x00007ffa5c8be000 	c:\Users\jocopernicus\.vscode\extensions\redhat.java-1.44.0-win32-x64\jre\21.0.8-win32-x86_64\bin\VCRUNTIME140.dll
0x00007ffa75670000 - 0x00007ffa75692000 	C:\WINDOWS\System32\win32u.dll
0x00007ffa76720000 - 0x00007ffa7674b000 	C:\WINDOWS\System32\GDI32.dll
0x00007ffa75250000 - 0x00007ffa75369000 	C:\WINDOWS\System32\gdi32full.dll
0x00007ffa65dc0000 - 0x00007ffa6605a000 	C:\WINDOWS\WinSxS\amd64_microsoft.windows.common-controls_6595b64144ccf1df_6.0.19041.5915_none_60b4b9d171f9c7c7\COMCTL32.dll
0x00007ffa75370000 - 0x00007ffa7540d000 	C:\WINDOWS\System32\msvcp_win.dll
0x00007ffa75890000 - 0x00007ffa7592e000 	C:\WINDOWS\System32\msvcrt.dll
0x00007ffa75860000 - 0x00007ffa7588f000 	C:\WINDOWS\System32\IMM32.DLL
0x00007ffa68d80000 - 0x00007ffa68d8c000 	c:\Users\jocopernicus\.vscode\extensions\redhat.java-1.44.0-win32-x64\jre\21.0.8-win32-x86_64\bin\vcruntime140_1.dll
0x00007ffa39890000 - 0x00007ffa3991d000 	c:\Users\jocopernicus\.vscode\extensions\redhat.java-1.44.0-win32-x64\jre\21.0.8-win32-x86_64\bin\msvcp140.dll
0x00007ffa1d9a0000 - 0x00007ffa1e737000 	c:\Users\jocopernicus\.vscode\extensions\redhat.java-1.44.0-win32-x64\jre\21.0.8-win32-x86_64\bin\server\jvm.dll
0x00007ffa76750000 - 0x00007ffa76801000 	C:\WINDOWS\System32\ADVAPI32.dll
0x00007ffa77490000 - 0x00007ffa7752f000 	C:\WINDOWS\System32\sechost.dll
0x00007ffa75c90000 - 0x00007ffa75db3000 	C:\WINDOWS\System32\RPCRT4.dll
0x00007ffa75220000 - 0x00007ffa75247000 	C:\WINDOWS\System32\bcrypt.dll
0x00007ffa76ef0000 - 0x00007ffa76f5b000 	C:\WINDOWS\System32\WS2_32.dll
0x00007ffa742b0000 - 0x00007ffa742fb000 	C:\WINDOWS\SYSTEM32\POWRPROF.dll
0x00007ffa6b880000 - 0x00007ffa6b8a7000 	C:\WINDOWS\SYSTEM32\WINMM.dll
0x00007ffa6c860000 - 0x00007ffa6c86a000 	C:\WINDOWS\SYSTEM32\VERSION.dll
0x00007ffa74170000 - 0x00007ffa74182000 	C:\WINDOWS\SYSTEM32\UMPDC.dll
0x00007ffa73580000 - 0x00007ffa73592000 	C:\WINDOWS\SYSTEM32\kernel.appcore.dll
0x00007ffa65620000 - 0x00007ffa6562a000 	c:\Users\jocopernicus\.vscode\extensions\redhat.java-1.44.0-win32-x64\jre\21.0.8-win32-x86_64\bin\jimage.dll
0x00007ffa72940000 - 0x00007ffa72b41000 	C:\WINDOWS\SYSTEM32\DBGHELP.DLL
0x00007ffa6bb60000 - 0x00007ffa6bb94000 	C:\WINDOWS\SYSTEM32\dbgcore.DLL
0x00007ffa756a0000 - 0x00007ffa75722000 	C:\WINDOWS\System32\bcryptPrimitives.dll
0x00007ffa655e0000 - 0x00007ffa655ef000 	c:\Users\jocopernicus\.vscode\extensions\redhat.java-1.44.0-win32-x64\jre\21.0.8-win32-x86_64\bin\instrument.dll
0x00007ffa5c820000 - 0x00007ffa5c83f000 	c:\Users\jocopernicus\.vscode\extensions\redhat.java-1.44.0-win32-x64\jre\21.0.8-win32-x86_64\bin\java.dll
0x00007ffa75fb0000 - 0x00007ffa7671e000 	C:\WINDOWS\System32\SHELL32.dll
0x00007ffa72d00000 - 0x00007ffa734a4000 	C:\WINDOWS\SYSTEM32\windows.storage.dll
0x00007ffa75930000 - 0x00007ffa75c83000 	C:\WINDOWS\System32\combase.dll
0x00007ffa747d0000 - 0x00007ffa747fb000 	C:\WINDOWS\SYSTEM32\Wldp.dll
0x00007ffa75dd0000 - 0x00007ffa75e9d000 	C:\WINDOWS\System32\OLEAUT32.dll
0x00007ffa76c40000 - 0x00007ffa76ced000 	C:\WINDOWS\System32\SHCORE.dll
0x00007ffa75f30000 - 0x00007ffa75f8b000 	C:\WINDOWS\System32\shlwapi.dll
0x00007ffa74cd0000 - 0x00007ffa74cf4000 	C:\WINDOWS\SYSTEM32\profapi.dll
0x00007ffa5bdf0000 - 0x00007ffa5be08000 	c:\Users\jocopernicus\.vscode\extensions\redhat.java-1.44.0-win32-x64\jre\21.0.8-win32-x86_64\bin\zip.dll
0x00007ffa62750000 - 0x00007ffa62760000 	C:\Users\jocopernicus\.vscode\extensions\redhat.java-1.44.0-win32-x64\jre\21.0.8-win32-x86_64\bin\net.dll
0x00007ffa6bba0000 - 0x00007ffa6bcaa000 	C:\WINDOWS\SYSTEM32\WINHTTP.dll
0x00007ffa744f0000 - 0x00007ffa7455a000 	C:\WINDOWS\system32\mswsock.dll
0x00007ffa5b1a0000 - 0x00007ffa5b1b6000 	C:\Users\jocopernicus\.vscode\extensions\redhat.java-1.44.0-win32-x64\jre\21.0.8-win32-x86_64\bin\nio.dll
0x00007ffa5ed50000 - 0x00007ffa5ed60000 	c:\Users\jocopernicus\.vscode\extensions\redhat.java-1.44.0-win32-x64\jre\21.0.8-win32-x86_64\bin\verify.dll
0x00007ffa5b110000 - 0x00007ffa5b155000 	C:\Users\jocopernicus\AppData\Roaming\Code\User\globalStorage\redhat.java\1.44.0\config_ss_win\org.eclipse.equinox.launcher\org.eclipse.equinox.launcher.win32.win32.x86_64_1.2.1400.v20250730-1736\eclipse_11913.dll
0x00007ffa75730000 - 0x00007ffa7585b000 	C:\WINDOWS\System32\ole32.dll
0x00007ffa74720000 - 0x00007ffa74738000 	C:\WINDOWS\SYSTEM32\CRYPTSP.dll
0x00007ffa73da0000 - 0x00007ffa73dd8000 	C:\WINDOWS\system32\rsaenh.dll
0x00007ffa74c50000 - 0x00007ffa74c7e000 	C:\WINDOWS\SYSTEM32\USERENV.dll
0x00007ffa74740000 - 0x00007ffa7474c000 	C:\WINDOWS\SYSTEM32\CRYPTBASE.dll
0x00007ffa74190000 - 0x00007ffa741cb000 	C:\WINDOWS\SYSTEM32\IPHLPAPI.DLL
0x00007ffa75fa0000 - 0x00007ffa75fa8000 	C:\WINDOWS\System32\NSI.dll
0x00007ffa53730000 - 0x00007ffa53779000 	C:\Users\jocopernicus\AppData\Local\Temp\jna--1695831270\jna8266028068121295630.dll
0x00007ffa75f90000 - 0x00007ffa75f98000 	C:\WINDOWS\System32\PSAPI.DLL
0x00007ffa6cfb0000 - 0x00007ffa6cfc7000 	C:\WINDOWS\SYSTEM32\dhcpcsvc6.DLL
0x00007ffa6ea50000 - 0x00007ffa6ea6d000 	C:\WINDOWS\SYSTEM32\dhcpcsvc.DLL

JVMTI agents:
c:\Users\jocopernicus\.vscode\extensions\redhat.java-1.44.0-win32-x64\lombok\lombok-1.18.39-4050.jar path:c:\Users\jocopernicus\.vscode\extensions\redhat.java-1.44.0-win32-x64\jre\21.0.8-win32-x86_64\bin\instrument.dll, loaded, initialized, instrumentlib options:none

dbghelp: loaded successfully - version: 4.0.5 - missing functions: none
symbol engine: initialized successfully - sym options: 0x614 - pdb path: .;c:\Users\jocopernicus\.vscode\extensions\redhat.java-1.44.0-win32-x64\jre\21.0.8-win32-x86_64\bin;C:\WINDOWS\SYSTEM32;C:\Program Files\Avast Software\Avast;C:\WINDOWS\WinSxS\amd64_microsoft.windows.common-controls_6595b64144ccf1df_6.0.19041.5915_none_60b4b9d171f9c7c7;c:\Users\jocopernicus\.vscode\extensions\redhat.java-1.44.0-win32-x64\jre\21.0.8-win32-x86_64\bin\server;C:\Users\jocopernicus\AppData\Roaming\Code\User\globalStorage\redhat.java\1.44.0\config_ss_win\org.eclipse.equinox.launcher\org.eclipse.equinox.launcher.win32.win32.x86_64_1.2.1400.v20250730-1736;C:\Users\jocopernicus\AppData\Local\Temp\jna--1695831270

VM Arguments:
jvm_args: --add-modules=ALL-SYSTEM --add-opens=java.base/java.util=ALL-UNNAMED --add-opens=java.base/java.lang=ALL-UNNAMED --add-opens=java.base/sun.nio.fs=ALL-UNNAMED -Declipse.application=org.eclipse.jdt.ls.core.id1 -Dosgi.bundles.defaultStartLevel=4 -Declipse.product=org.eclipse.jdt.ls.core.product -Djava.import.generatesMetadataFilesAtProjectRoot=false -DDetectVMInstallationsJob.disabled=true -Dfile.encoding=utf8 -XX:+UseParallelGC -XX:GCTimeRatio=4 -XX:AdaptiveSizePolicyWeight=90 -Dsun.zip.disableMemoryMapping=true -Xmx2G -Xms100m -Xlog:disable -javaagent:c:\Users\jocopernicus\.vscode\extensions\redhat.java-1.44.0-win32-x64\lombok\lombok-1.18.39-4050.jar 
java_command: c:\Users\jocopernicus\.vscode\extensions\redhat.java-1.44.0-win32-x64\server\plugins\org.eclipse.equinox.launcher_1.7.0.v20250519-0528.jar -configuration c:\Users\jocopernicus\AppData\Roaming\Code\User\globalStorage\redhat.java\1.44.0\config_ss_win -data c:\Users\jocopernicus\AppData\Roaming\Code\User\workspaceStorage\afa8120808d8d8979d47500c416289e5\redhat.java\ss_ws --pipe=\\.\pipe\lsp-47985d951742ac61c05f367aa876bced-sock
java_class_path (initial): c:\Users\jocopernicus\.vscode\extensions\redhat.java-1.44.0-win32-x64\server\plugins\org.eclipse.equinox.launcher_1.7.0.v20250519-0528.jar
Launcher Type: SUN_STANDARD

[Global flags]
    uintx AdaptiveSizePolicyWeight                 = 90                                        {product} {command line}
     intx CICompilerCount                          = 4                                         {product} {ergonomic}
    uintx GCTimeRatio                              = 4                                         {product} {command line}
   size_t InitialHeapSize                          = 104857600                                 {product} {command line}
   size_t MaxHeapSize                              = 2147483648                                {product} {command line}
   size_t MaxNewSize                               = 715653120                                 {product} {ergonomic}
   size_t MinHeapDeltaBytes                        = 524288                                    {product} {ergonomic}
   size_t MinHeapSize                              = 104857600                                 {product} {command line}
   size_t NewSize                                  = 34603008                                  {product} {ergonomic}
    uintx NonNMethodCodeHeapSize                   = 5839372                                {pd product} {ergonomic}
    uintx NonProfiledCodeHeapSize                  = 122909434                              {pd product} {ergonomic}
   size_t OldSize                                  = 70254592                                  {product} {ergonomic}
    uintx ProfiledCodeHeapSize                     = 122909434                              {pd product} {ergonomic}
    uintx ReservedCodeCacheSize                    = 251658240                              {pd product} {ergonomic}
     bool SegmentedCodeCache                       = true                                      {product} {ergonomic}
   size_t SoftMaxHeapSize                          = 2147483648                             {manageable} {ergonomic}
     bool UseCompressedOops                        = true                           {product lp64_product} {ergonomic}
     bool UseLargePagesIndividualAllocation        = false                                  {pd product} {ergonomic}
     bool UseParallelGC                            = true                                      {product} {command line}

Logging:
Log output configuration:
 #0: stdout all=off uptime,level,tags foldmultilines=false
 #1: stderr all=off uptime,level,tags foldmultilines=false

Environment Variables:
JAVA_HOME=C:\Program Files\Java\jdk-17.0.4
CLASSPATH=.;
PATH=C:\Program Files\nodejs;C:\Program Files\apache-maven-3.8.6\bin;C:\Program Files\Common Files\Oracle\Java\javapath;C:\Python39\Scripts\;C:\Python39\;C:\ProgramData\Oracle\Java\javapath;C:\entwicklung\oracle_11.2.0\product\11.2.0\dbhome_1\bin;C:\entwicklung\product\11.2.0\dbhome_1\bin;C:\Windows\system32;C:\Windows;C:\Windows\System32\Wbem;C:\Windows\System32\WindowsPowerShell\v1.0\;C:\Program Files (x86)\Common Files\lenovo\easyplussdk\bin;C:\Program Files (x86)\NVIDIA Corporation\PhysX\Common;C:\Program Files\Intel\WiFi\bin\;C:\Program Files\Common Files\Intel\WirelessCommon\;C:\WINDOWS\system32;C:\WINDOWS;C:\WINDOWS\System32\Wbem;C:\WINDOWS\System32\WindowsPowerShell\v1.0\;C:\Program Files\Git\cmd;C:\Program Files\Git\mingw64\bin;C:\Program Files\Git\usr\bin;C:\Program Files\devtools\kranalyzer;C:\WINDOWS\System32\OpenSSH\;C:\ProgramData\chocolatey\bin;C:\Program Files\Java\jdk-17.0.4\bin;C:\Users\jocopernicus\AppData\Local\Android\Sdk;C:\Users\jocopernicus\AppData\Local\Android\Sdk\platform-tools;C:\Android\android-;C:\Program Files\Docker\Docker\resources\bin;C:\Program Files\dotnet\;C:\Users\jocopernicus\AppData\Local\Microsoft\WindowsApps;C:\Program Files\devtools\Nmap;C:\Program Files\Docker Toolbox;C:\Program Files\JetBrains\IntelliJ IDEA 2019.3.4\bin;;C:\Program Files\JetBrains\PyCharm 2020.2.3\bin;;C:\Windows\SysWow64\;C:\Users\jocopernicus\AppData\Roaming\npm;C:\Users\jocopernicus\AppData\Local\Programs\Microsoft VS Code\bin
USERNAME=jocopernicus
OS=Windows_NT
PROCESSOR_IDENTIFIER=Intel64 Family 6 Model 94 Stepping 3, GenuineIntel
TMP=C:\Users\JOCOPE~1\AppData\Local\Temp
TEMP=C:\Users\JOCOPE~1\AppData\Local\Temp




Periodic native trim disabled

---------------  S Y S T E M  ---------------

OS:
 Windows 10 , 64 bit Build 19041 (10.0.19041.5915)
OS uptime: 1 days 11:49 hours
Hyper-V role detected

CPU: total 8 (initial active 8) (4 cores per cpu, 2 threads per core) family 6 model 94 stepping 3 microcode 0xcc, cx8, cmov, fxsr, ht, mmx, 3dnowpref, sse, sse2, sse3, ssse3, sse4.1, sse4.2, popcnt, lzcnt, tsc, tscinvbit, avx, avx2, aes, erms, clmul, bmi1, bmi2, rtm, adx, fma, vzeroupper, clflush, clflushopt, hv, rdtscp, f16c
Processor Information for the first 8 processors :
  Max Mhz: 2601, Current Mhz: 2600, Mhz Limit: 2574

Memory: 4k page, system-wide physical 16211M (418M free)
TotalPageFile size 40715M (AvailPageFile size 5M)
current process WorkingSet (physical memory assigned to process): 170M, peak: 172M
current process commit charge ("private bytes"): 296M, peak: 300M

vm_info: OpenJDK 64-Bit Server VM (21.0.8+9-LTS) for windows-amd64 JRE (21.0.8+9-LTS), built on 2025-07-15T00:00:00Z by "admin" with MS VC++ 17.7 (VS2022)

END.
